
UKBiobank GFETCH
Compiled May 20 2015 15:17:53.
Setting output datafile to "chromX.cal"
Querying remote inventory for chromosome 23, datatype cal
4764877 bytes fetched
Download has been logged against IP address 171.67.92.83

SESSION 12118116 assigned to this request

Identified 152729 person-datasets to retrieve
Parsing remote worklist........
Targetting 152729 records, 3.3GB (0.9 compressed)
Fetching data into file "chromX.cal"

ERROR : non-numeric header at position 0
Header:<!DOCTYPE html PUBLIC "-//W3C//DTD XHTML 1.0 Strict//EN" "http://www.w3.org/TR/xhtml1/DTD/xhtml1-strict.dtd">
<html lang="en" xml:lang="en" xmlns="http://www.w3.org/1999/xhtml">
  <head>
    <title>Response denied by WatchGuard HTTP Proxy</title> 
    <style type="text/css">
      body {
        font-family: Arial, Helvetica, Verdana, Sans-Serif;
        font-size: small;            
        font-weight: normal;            
        color: #000000;
      }
      div {            
        margin-left: auto;            
        margin-right: auto;            
        text-align: center;
      }
      .box {          
        width: 600px;
        background-color: #F2F2F2;            
        border-left: solid 1px #C2C2C2;            
        border-right: solid 1px #C2C2
ERROR : non-numeric header at position 0
Header:<!DOCTYPE html PUBLIC "-//W3C//DTD XHTML 1.0 Strict//EN" "http://www.w3.org/TR/xhtml1/DTD/xhtml1-strict.dtd">
<html lang="en" xml:lang="en" xmlns="http://www.w3.org/1999/xhtml">
  <head>
    <title>Response denied by WatchGuard HTTP Proxy</title> 
    <style type="text/css">
      body {
        font-family: Arial, Helvetica, Verdana, Sans-Serif;
        font-size: small;            
        font-weight: normal;            
        color: #000000;
      }
      div {            
        margin-left: auto;            
        margin-right: auto;            
        text-align: center;
      }
      .box {          
        width: 600px;
        background-color: #F2F2F2;            
        border-left: solid 1px #C2C2C2;            
        border-right: solid 1px #C2C2
ERROR : non-numeric header at position 0
Header:<!DOCTYPE html PUBLIC "-//W3C//DTD XHTML 1.0 Strict//EN" "http://www.w3.org/TR/xhtml1/DTD/xhtml1-strict.dtd">
<html lang="en" xml:lang="en" xmlns="http://www.w3.org/1999/xhtml">
  <head>
    <title>Response denied by WatchGuard HTTP Proxy</title> 
    <style type="text/css">
      body {
        font-family: Arial, Helvetica, Verdana, Sans-Serif;
        font-size: small;            
        font-weight: normal;            
        color: #000000;
      }
      div {            
        margin-left: auto;            
        margin-right: auto;            
        text-align: center;
      }
      .box {          
        width: 600px;
        background-color: #F2F2F2;            
        border-left: solid 1px #C2C2C2;            
        border-right: solid 1px #C2C2
ERROR : non-numeric header at position 0
Header:<!DOCTYPE html PUBLIC "-//W3C//DTD XHTML 1.0 Strict//EN" "http://www.w3.org/TR/xhtml1/DTD/xhtml1-strict.dtd">
<html lang="en" xml:lang="en" xmlns="http://www.w3.org/1999/xhtml">
  <head>
    <title>Response denied by WatchGuard HTTP Proxy</title> 
    <style type="text/css">
      body {
        font-family: Arial, Helvetica, Verdana, Sans-Serif;
        font-size: small;            
        font-weight: normal;            
        color: #000000;
      }
      div {            
        margin-left: auto;            
        margin-right: auto;            
        text-align: center;
      }
      .box {          
        width: 600px;
        background-color: #F2F2F2;            
        border-left: solid 1px #C2C2C2;            
        border-right: solid 1px #C2C2
ERROR : non-numeric header at position 0
Header:<!DOCTYPE html PUBLIC "-//W3C//DTD XHTML 1.0 Strict//EN" "http://www.w3.org/TR/xhtml1/DTD/xhtml1-strict.dtd">
<html lang="en" xml:lang="en" xmlns="http://www.w3.org/1999/xhtml">
  <head>
    <title>Response denied by WatchGuard HTTP Proxy</title> 
    <style type="text/css">
      body {
        font-family: Arial, Helvetica, Verdana, Sans-Serif;
        font-size: small;            
        font-weight: normal;            
        color: #000000;
      }
      div {            
        margin-left: auto;            
        margin-right: auto;            
        text-align: center;
      }
      .box {          
        width: 600px;
        background-color: #F2F2F2;            
        border-left: solid 1px #C2C2C2;            
        border-right: solid 1px #C2C2
ERROR : non-numeric header at position 0
Header:<!DOCTYPE html PUBLIC "-//W3C//DTD XHTML 1.0 Strict//EN" "http://www.w3.org/TR/xhtml1/DTD/xhtml1-strict.dtd">
<html lang="en" xml:lang="en" xmlns="http://www.w3.org/1999/xhtml">
  <head>
    <title>Response denied by WatchGuard HTTP Proxy</title> 
    <style type="text/css">
      body {
        font-family: Arial, Helvetica, Verdana, Sans-Serif;
        font-size: small;            
        font-weight: normal;            
        color: #000000;
      }
      div {            
        margin-left: auto;            
        margin-right: auto;            
        text-align: center;
      }
      .box {          
        width: 600px;
        background-color: #F2F2F2;            
        border-left: solid 1px #C2C2C2;            
        border-right: solid 1px #C2C2
ERROR : non-numeric header at position 0
Header:<!DOCTYPE html PUBLIC "-//W3C//DTD XHTML 1.0 Strict//EN" "http://www.w3.org/TR/xhtml1/DTD/xhtml1-strict.dtd">
<html lang="en" xml:lang="en" xmlns="http://www.w3.org/1999/xhtml">
  <head>
    <title>Response denied by WatchGuard HTTP Proxy</title> 
    <style type="text/css">
      body {
        font-family: Arial, Helvetica, Verdana, Sans-Serif;
        font-size: small;            
        font-weight: normal;            
        color: #000000;
      }
      div {            
        margin-left: auto;            
        margin-right: auto;            
        text-align: center;
      }
      .box {          
        width: 600px;
        background-color: #F2F2F2;            
        border-left: solid 1px #C2C2C2;            
        border-right: solid 1px #C2C2
ERROR : non-numeric header at position 0
Header:<!DOCTYPE html PUBLIC "-//W3C//DTD XHTML 1.0 Strict//EN" "http://www.w3.org/TR/xhtml1/DTD/xhtml1-strict.dtd">
<html lang="en" xml:lang="en" xmlns="http://www.w3.org/1999/xhtml">
  <head>
    <title>Response denied by WatchGuard HTTP Proxy</title> 
    <style type="text/css">
      body {
        font-family: Arial, Helvetica, Verdana, Sans-Serif;
        font-size: small;            
        font-weight: normal;            
        color: #000000;
      }
      div {            
        margin-left: auto;            
        margin-right: auto;            
        text-align: center;
      }
      .box {          
        width: 600px;
        background-color: #F2F2F2;            
        border-left: solid 1px #C2C2C2;            
        border-right: solid 1px #C2C2
ERROR : non-numeric header at position 0
Header:<!DOCTYPE html PUBLIC "-//W3C//DTD XHTML 1.0 Strict//EN" "http://www.w3.org/TR/xhtml1/DTD/xhtml1-strict.dtd">
<html lang="en" xml:lang="en" xmlns="http://www.w3.org/1999/xhtml">
  <head>
    <title>Response denied by WatchGuard HTTP Proxy</title> 
    <style type="text/css">
      body {
        font-family: Arial, Helvetica, Verdana, Sans-Serif;
        font-size: small;            
        font-weight: normal;            
        color: #000000;
      }
      div {            
        margin-left: auto;            
        margin-right: auto;            
        text-align: center;
      }
      .box {          
        width: 600px;
        background-color: #F2F2F2;            
        border-left: solid 1px #C2C2C2;            
        border-right: solid 1px #C2C2
ERROR : non-numeric header at position 0
Header:<!DOCTYPE html PUBLIC "-//W3C//DTD XHTML 1.0 Strict//EN" "http://www.w3.org/TR/xhtml1/DTD/xhtml1-strict.dtd">
<html lang="en" xml:lang="en" xmlns="http://www.w3.org/1999/xhtml">
  <head>
    <title>Response denied by WatchGuard HTTP Proxy</title> 
    <style type="text/css">
      body {
        font-family: Arial, Helvetica, Verdana, Sans-Serif;
        font-size: small;            
        font-weight: normal;            
        color: #000000;
      }
      div {            
        margin-left: auto;            
        margin-right: auto;            
        text-align: center;
      }
      .box {          
        width: 600px;
        background-color: #F2F2F2;            
        border-left: solid 1px #C2C2C2;            
        border-right: solid 1px #C2C2
ERROR : non-numeric header at position 0
Header:<!DOCTYPE html PUBLIC "-//W3C//DTD XHTML 1.0 Strict//EN" "http://www.w3.org/TR/xhtml1/DTD/xhtml1-strict.dtd">
<html lang="en" xml:lang="en" xmlns="http://www.w3.org/1999/xhtml">
  <head>
    <title>Response denied by WatchGuard HTTP Proxy</title> 
    <style type="text/css">
      body {
        font-family: Arial, Helvetica, Verdana, Sans-Serif;
        font-size: small;            
        font-weight: normal;            
        color: #000000;
      }
      div {            
        margin-left: auto;            
        margin-right: auto;            
        text-align: center;
      }
      .box {          
        width: 600px;
        background-color: #F2F2F2;            
        border-left: solid 1px #C2C2C2;            
        border-right: solid 1px #C2C2
ERROR : non-numeric header at position 0
Header:<!DOCTYPE html PUBLIC "-//W3C//DTD XHTML 1.0 Strict//EN" "http://www.w3.org/TR/xhtml1/DTD/xhtml1-strict.dtd">
<html lang="en" xml:lang="en" xmlns="http://www.w3.org/1999/xhtml">
  <head>
    <title>Response denied by WatchGuard HTTP Proxy</title> 
    <style type="text/css">
      body {
        font-family: Arial, Helvetica, Verdana, Sans-Serif;
        font-size: small;            
        font-weight: normal;            
        color: #000000;
      }
      div {            
        margin-left: auto;            
        margin-right: auto;            
        text-align: center;
      }
      .box {          
        width: 600px;
        background-color: #F2F2F2;            
        border-left: solid 1px #C2C2C2;            
        border-right: solid 1px #C2C2
ERROR : non-numeric header at position 0
Header:<!DOCTYPE html PUBLIC "-//W3C//DTD XHTML 1.0 Strict//EN" "http://www.w3.org/TR/xhtml1/DTD/xhtml1-strict.dtd">
<html lang="en" xml:lang="en" xmlns="http://www.w3.org/1999/xhtml">
  <head>
    <title>Response denied by WatchGuard HTTP Proxy</title> 
    <style type="text/css">
      body {
        font-family: Arial, Helvetica, Verdana, Sans-Serif;
        font-size: small;            
        font-weight: normal;            
        color: #000000;
      }
      div {            
        margin-left: auto;            
        margin-right: auto;            
        text-align: center;
      }
      .box {          
        width: 600px;
        background-color: #F2F2F2;            
        border-left: solid 1px #C2C2C2;            
        border-right: solid 1px #C2C2
ERROR : non-numeric header at position 0
Header:<!DOCTYPE html PUBLIC "-//W3C//DTD XHTML 1.0 Strict//EN" "http://www.w3.org/TR/xhtml1/DTD/xhtml1-strict.dtd">
<html lang="en" xml:lang="en" xmlns="http://www.w3.org/1999/xhtml">
  <head>
    <title>Response denied by WatchGuard HTTP Proxy</title> 
    <style type="text/css">
      body {
        font-family: Arial, Helvetica, Verdana, Sans-Serif;
        font-size: small;            
        font-weight: normal;            
        color: #000000;
      }
      div {            
        margin-left: auto;            
        margin-right: auto;            
        text-align: center;
      }
      .box {          
        width: 600px;
        background-color: #F2F2F2;            
        border-left: solid 1px #C2C2C2;            
        border-right: solid 1px #C2C2
ERROR : non-numeric header at position 0
Header:<!DOCTYPE html PUBLIC "-//W3C//DTD XHTML 1.0 Strict//EN" "http://www.w3.org/TR/xhtml1/DTD/xhtml1-strict.dtd">
<html lang="en" xml:lang="en" xmlns="http://www.w3.org/1999/xhtml">
  <head>
    <title>Response denied by WatchGuard HTTP Proxy</title> 
    <style type="text/css">
      body {
        font-family: Arial, Helvetica, Verdana, Sans-Serif;
        font-size: small;            
        font-weight: normal;            
        color: #000000;
      }
      div {            
        margin-left: auto;            
        margin-right: auto;            
        text-align: center;
      }
      .box {          
        width: 600px;
        background-color: #F2F2F2;            
        border-left: solid 1px #C2C2C2;            
        border-right: solid 1px #C2C2
ERROR : non-numeric header at position 0
Header:<!DOCTYPE html PUBLIC "-//W3C//DTD XHTML 1.0 Strict//EN" "http://www.w3.org/TR/xhtml1/DTD/xhtml1-strict.dtd">
<html lang="en" xml:lang="en" xmlns="http://www.w3.org/1999/xhtml">
  <head>
    <title>Response denied by WatchGuard HTTP Proxy</title> 
    <style type="text/css">
      body {
        font-family: Arial, Helvetica, Verdana, Sans-Serif;
        font-size: small;            
        font-weight: normal;            
        color: #000000;
      }
      div {            
        margin-left: auto;            
        margin-right: auto;            
        text-align: center;
      }
      .box {          
        width: 600px;
        background-color: #F2F2F2;            
        border-left: solid 1px #C2C2C2;            
        border-right: solid 1px #C2C2
ERROR : non-numeric header at position 0
Header:<!DOCTYPE html PUBLIC "-//W3C//DTD XHTML 1.0 Strict//EN" "http://www.w3.org/TR/xhtml1/DTD/xhtml1-strict.dtd">
<html lang="en" xml:lang="en" xmlns="http://www.w3.org/1999/xhtml">
  <head>
    <title>Response denied by WatchGuard HTTP Proxy</title> 
    <style type="text/css">
      body {
        font-family: Arial, Helvetica, Verdana, Sans-Serif;
        font-size: small;            
        font-weight: normal;            
        color: #000000;
      }
      div {            
        margin-left: auto;            
        margin-right: auto;            
        text-align: center;
      }
      .box {          
        width: 600px;
        background-color: #F2F2F2;            
        border-left: solid 1px #C2C2C2;            
        border-right: solid 1px #C2C2
ERROR : non-numeric header at position 0
Header:<!DOCTYPE html PUBLIC "-//W3C//DTD XHTML 1.0 Strict//EN" "http://www.w3.org/TR/xhtml1/DTD/xhtml1-strict.dtd">
<html lang="en" xml:lang="en" xmlns="http://www.w3.org/1999/xhtml">
  <head>
    <title>Response denied by WatchGuard HTTP Proxy</title> 
    <style type="text/css">
      body {
        font-family: Arial, Helvetica, Verdana, Sans-Serif;
        font-size: small;            
        font-weight: normal;            
        color: #000000;
      }
      div {            
        margin-left: auto;            
        margin-right: auto;            
        text-align: center;
      }
      .box {          
        width: 600px;
        background-color: #F2F2F2;            
        border-left: solid 1px #C2C2C2;            
        border-right: solid 1px #C2C2
ERROR : non-numeric header at position 0
Header:<!DOCTYPE html PUBLIC "-//W3C//DTD XHTML 1.0 Strict//EN" "http://www.w3.org/TR/xhtml1/DTD/xhtml1-strict.dtd">
<html lang="en" xml:lang="en" xmlns="http://www.w3.org/1999/xhtml">
  <head>
    <title>Response denied by WatchGuard HTTP Proxy</title> 
    <style type="text/css">
      body {
        font-family: Arial, Helvetica, Verdana, Sans-Serif;
        font-size: small;            
        font-weight: normal;            
        color: #000000;
      }
      div {            
        margin-left: auto;            
        margin-right: auto;            
        text-align: center;
      }
      .box {          
        width: 600px;
        background-color: #F2F2F2;            
        border-left: solid 1px #C2C2C2;            
        border-right: solid 1px #C2C2
ERROR : non-numeric header at position 0
Header:<!DOCTYPE html PUBLIC "-//W3C//DTD XHTML 1.0 Strict//EN" "http://www.w3.org/TR/xhtml1/DTD/xhtml1-strict.dtd">
<html lang="en" xml:lang="en" xmlns="http://www.w3.org/1999/xhtml">
  <head>
    <title>Response denied by WatchGuard HTTP Proxy</title> 
    <style type="text/css">
      body {
        font-family: Arial, Helvetica, Verdana, Sans-Serif;
        font-size: small;            
        font-weight: normal;            
        color: #000000;
      }
      div {            
        margin-left: auto;            
        margin-right: auto;            
        text-align: center;
      }
      .box {          
        width: 600px;
        background-color: #F2F2F2;            
        border-left: solid 1px #C2C2C2;            
        border-right: solid 1px #C2C2
ERROR : non-numeric header at position 0
Header:<!DOCTYPE html PUBLIC "-//W3C//DTD XHTML 1.0 Strict//EN" "http://www.w3.org/TR/xhtml1/DTD/xhtml1-strict.dtd">
<html lang="en" xml:lang="en" xmlns="http://www.w3.org/1999/xhtml">
  <head>
    <title>Response denied by WatchGuard HTTP Proxy</title> 
    <style type="text/css">
      body {
        font-family: Arial, Helvetica, Verdana, Sans-Serif;
        font-size: small;            
        font-weight: normal;            
        color: #000000;
      }
      div {            
        margin-left: auto;            
        margin-right: auto;            
        text-align: center;
      }
      .box {          
        width: 600px;
        background-color: #F2F2F2;            
        border-left: solid 1px #C2C2C2;            
        border-right: solid 1px #C2C2
ERROR : non-numeric header at position 0
Header:<!DOCTYPE html PUBLIC "-//W3C//DTD XHTML 1.0 Strict//EN" "http://www.w3.org/TR/xhtml1/DTD/xhtml1-strict.dtd">
<html lang="en" xml:lang="en" xmlns="http://www.w3.org/1999/xhtml">
  <head>
    <title>Response denied by WatchGuard HTTP Proxy</title> 
    <style type="text/css">
      body {
        font-family: Arial, Helvetica, Verdana, Sans-Serif;
        font-size: small;            
        font-weight: normal;            
        color: #000000;
      }
      div {            
        margin-left: auto;            
        margin-right: auto;            
        text-align: center;
      }
      .box {          
        width: 600px;
        background-color: #F2F2F2;            
        border-left: solid 1px #C2C2C2;            
        border-right: solid 1px #C2C2
ERROR : non-numeric header at position 0
Header:<!DOCTYPE html PUBLIC "-//W3C//DTD XHTML 1.0 Strict//EN" "http://www.w3.org/TR/xhtml1/DTD/xhtml1-strict.dtd">
<html lang="en" xml:lang="en" xmlns="http://www.w3.org/1999/xhtml">
  <head>
    <title>Response denied by WatchGuard HTTP Proxy</title> 
    <style type="text/css">
      body {
        font-family: Arial, Helvetica, Verdana, Sans-Serif;
        font-size: small;            
        font-weight: normal;            
        color: #000000;
      }
      div {            
        margin-left: auto;            
        margin-right: auto;            
        text-align: center;
      }
      .box {          
        width: 600px;
        background-color: #F2F2F2;            
        border-left: solid 1px #C2C2C2;            
        border-right: solid 1px #C2C2
ERROR : non-numeric header at position 0
Header:<!DOCTYPE html PUBLIC "-//W3C//DTD XHTML 1.0 Strict//EN" "http://www.w3.org/TR/xhtml1/DTD/xhtml1-strict.dtd">
<html lang="en" xml:lang="en" xmlns="http://www.w3.org/1999/xhtml">
  <head>
    <title>Response denied by WatchGuard HTTP Proxy</title> 
    <style type="text/css">
      body {
        font-family: Arial, Helvetica, Verdana, Sans-Serif;
        font-size: small;            
        font-weight: normal;            
        color: #000000;
      }
      div {            
        margin-left: auto;            
        margin-right: auto;            
        text-align: center;
      }
      .box {          
        width: 600px;
        background-color: #F2F2F2;            
        border-left: solid 1px #C2C2C2;            
        border-right: solid 1px #C2C2
ERROR : non-numeric header at position 0
Header:<!DOCTYPE html PUBLIC "-//W3C//DTD XHTML 1.0 Strict//EN" "http://www.w3.org/TR/xhtml1/DTD/xhtml1-strict.dtd">
<html lang="en" xml:lang="en" xmlns="http://www.w3.org/1999/xhtml">
  <head>
    <title>Response denied by WatchGuard HTTP Proxy</title> 
    <style type="text/css">
      body {
        font-family: Arial, Helvetica, Verdana, Sans-Serif;
        font-size: small;            
        font-weight: normal;            
        color: #000000;
      }
      div {            
        margin-left: auto;            
        margin-right: auto;            
        text-align: center;
      }
      .box {          
        width: 600px;
        background-color: #F2F2F2;            
        border-left: solid 1px #C2C2C2;            
        border-right: solid 1px #C2C2
ERROR : non-numeric header at position 0
Header:<!DOCTYPE html PUBLIC "-//W3C//DTD XHTML 1.0 Strict//EN" "http://www.w3.org/TR/xhtml1/DTD/xhtml1-strict.dtd">
<html lang="en" xml:lang="en" xmlns="http://www.w3.org/1999/xhtml">
  <head>
    <title>Response denied by WatchGuard HTTP Proxy</title> 
    <style type="text/css">
      body {
        font-family: Arial, Helvetica, Verdana, Sans-Serif;
        font-size: small;            
        font-weight: normal;            
        color: #000000;
      }
      div {            
        margin-left: auto;            
        margin-right: auto;            
        text-align: center;
      }
      .box {          
        width: 600px;
        background-color: #F2F2F2;            
        border-left: solid 1px #C2C2C2;            
        border-right: solid 1px #C2C2
Wrote 0 items (0.0KB) to chromX.cal in 15869 secs
Finished 
