[INFO]chrom8-gfetch-----------------------------------------

UKBiobank GFETCH
Compiled May 20 2015 15:17:53.
Setting output datafile to "chrom8.cal"
Querying remote inventory for chromosome 8, datatype cal
4765616 bytes fetched
Download has been logged against IP address 171.67.92.83

SESSION 12163246 assigned to this request

Identified 152729 person-datasets to retrieve
Parsing remote worklist........
Targetting 152729 records, 6.2GB (1.8 compressed)
Fetching data into file "chrom8.cal"
........................................ done 40000, 1hr 4min remaining
........................................ done 80000, 42min remaining
........................................ done 120000, 17min remaining
................................
Wrote 152729 items (6.2GB) to chrom8.cal in 4689 secs
Finished 
[INFO]chrom8-ukb_md5----------------------------------------

UKBiobank ukb_md5_lx (c) CTSU. Compiled Dec  9 2013 10:37:15.

Input file: "chrom8.cal" opened
Size=6153756868, MD5=c5c95cd0f60c4aef30720e4e1ac5ac3a
[INFO]chrom8-gconv------------------------------------------

GConv - UK Biobank genotype format converter.
compiled Mar 24 2015 11:05:59.

Opening input file "chrom8.cal"
Data type identified as "cal" for Chromosome 8
Expecting 40183 data-values occupying 1 bytes each
Opening mapping file "genotype_map.csv"
Mapping corresponds to version 1 of data
Converting data...

Opening mapfile "chrom8.map"
Opening pedfile "chrom8.ped".................................................. 10000
.................................................. 20000
.................................................. 30000
.................................................. 40000
.................................................. 50000
.................................................. 60000
.................................................. 70000
.................................................. 80000
.................................................. 90000
.................................................. 100000
.................................................. 110000
.................................................. 120000
.................................................. 130000
.................................................. 140000
.................................................. 150000
.............
Processed 152729 persons
Done chrom8
