[M::bwa_idx_load_from_disk] read 0 ALT contigs
[M::process] read 2644 sequences (80035323 bp)...
[M::process] read 2602 sequences (80059397 bp)...
[M::mem_process_seqs] Processed 2644 reads in 15952.426 CPU sec, 2085.799 real sec
[samopen] SAM header is present: 93 sequences.
[M::process] read 2670 sequences (80002459 bp)...
[M::mem_process_seqs] Processed 2602 reads in 16654.163 CPU sec, 2206.836 real sec
[M::process] read 2646 sequences (80010919 bp)...
[M::mem_process_seqs] Processed 2670 reads in 18495.227 CPU sec, 2400.089 real sec
[M::process] read 2580 sequences (80049771 bp)...
[M::mem_process_seqs] Processed 2646 reads in 17319.062 CPU sec, 2273.348 real sec
[M::process] read 2480 sequences (80056583 bp)...
[M::mem_process_seqs] Processed 2580 reads in 16076.894 CPU sec, 2054.319 real sec
[M::process] read 2046 sequences (80007723 bp)...
[M::mem_process_seqs] Processed 2480 reads in 15245.078 CPU sec, 1951.335 real sec
[M::process] read 2142 sequences (80025415 bp)...
[M::mem_process_seqs] Processed 2046 reads in 12314.200 CPU sec, 1690.401 real sec
[M::process] read 2058 sequences (80031047 bp)...
[M::mem_process_seqs] Processed 2142 reads in 10783.917 CPU sec, 1402.984 real sec
[M::process] read 2634 sequences (80037029 bp)...
[M::mem_process_seqs] Processed 2058 reads in 10878.467 CPU sec, 1495.571 real sec
[M::process] read 2624 sequences (80036133 bp)...
[M::mem_process_seqs] Processed 2634 reads in 20733.252 CPU sec, 2710.291 real sec
[M::process] read 2318 sequences (80047070 bp)...
[M::mem_process_seqs] Processed 2624 reads in 19194.016 CPU sec, 2470.100 real sec
[M::process] read 2392 sequences (80023278 bp)...
[M::mem_process_seqs] Processed 2318 reads in 14780.616 CPU sec, 2170.958 real sec
[M::process] read 2500 sequences (80045143 bp)...
[M::mem_process_seqs] Processed 2392 reads in 14079.452 CPU sec, 1943.460 real sec
[M::process] read 2412 sequences (80055069 bp)...
[M::mem_process_seqs] Processed 2500 reads in 14579.191 CPU sec, 1856.068 real sec
[M::process] read 2552 sequences (80004159 bp)...
[M::mem_process_seqs] Processed 2412 reads in 12924.489 CPU sec, 1679.525 real sec
[M::process] read 2334 sequences (80030592 bp)...
[M::mem_process_seqs] Processed 2552 reads in 15253.089 CPU sec, 2018.848 real sec
[M::process] read 2492 sequences (80036725 bp)...
[M::mem_process_seqs] Processed 2334 reads in 14988.350 CPU sec, 1977.635 real sec
[M::process] read 2390 sequences (80003311 bp)...
[M::mem_process_seqs] Processed 2492 reads in 17329.524 CPU sec, 2227.911 real sec
[M::process] read 2664 sequences (80011730 bp)...
[M::mem_process_seqs] Processed 2390 reads in 12918.424 CPU sec, 1684.764 real sec
[M::process] read 2590 sequences (80021739 bp)...
[M::mem_process_seqs] Processed 2664 reads in 16612.640 CPU sec, 2158.902 real sec
[M::process] read 2484 sequences (80001040 bp)...
[M::mem_process_seqs] Processed 2590 reads in 15286.054 CPU sec, 1956.741 real sec
[M::process] read 2442 sequences (80003908 bp)...
[M::mem_process_seqs] Processed 2484 reads in 14011.930 CPU sec, 1804.183 real sec
[M::process] read 2134 sequences (80035229 bp)...
[M::mem_process_seqs] Processed 2442 reads in 13230.036 CPU sec, 1822.501 real sec
[M::process] read 2172 sequences (80039149 bp)...
[M::mem_process_seqs] Processed 2134 reads in 11769.017 CPU sec, 1508.092 real sec
[M::process] read 2650 sequences (80035118 bp)...
[M::mem_process_seqs] Processed 2172 reads in 10186.398 CPU sec, 1385.833 real sec
[M::process] read 2644 sequences (80071654 bp)...
[M::mem_process_seqs] Processed 2650 reads in 17719.146 CPU sec, 2312.557 real sec
[M::process] read 2382 sequences (80006947 bp)...
[M::mem_process_seqs] Processed 2644 reads in 16801.220 CPU sec, 2189.881 real sec
[M::process] read 2184 sequences (80049995 bp)...
[M::mem_process_seqs] Processed 2382 reads in 14423.731 CPU sec, 1824.010 real sec
[M::process] read 2662 sequences (80005014 bp)...
[M::mem_process_seqs] Processed 2184 reads in 7243.242 CPU sec, 999.682 real sec
[M::process] read 2360 sequences (80047627 bp)...
[M::mem_process_seqs] Processed 2662 reads in 12878.794 CPU sec, 1681.469 real sec
[M::process] read 2576 sequences (80028676 bp)...
[M::mem_process_seqs] Processed 2360 reads in 16593.605 CPU sec, 2148.702 real sec
[M::process] read 2518 sequences (80022599 bp)...
[M::mem_process_seqs] Processed 2576 reads in 19372.658 CPU sec, 2538.874 real sec
[M::process] read 2648 sequences (80024296 bp)...
[M::mem_process_seqs] Processed 2518 reads in 17907.814 CPU sec, 2314.448 real sec
[M::process] read 1994 sequences (80053990 bp)...
[M::mem_process_seqs] Processed 2648 reads in 18598.642 CPU sec, 2374.285 real sec
[M::process] read 1924 sequences (80050548 bp)...
[M::mem_process_seqs] Processed 1994 reads in 9123.791 CPU sec, 1163.160 real sec
[M::process] read 2012 sequences (80045761 bp)...
[M::mem_process_seqs] Processed 1924 reads in 7683.929 CPU sec, 996.441 real sec
[M::process] read 2634 sequences (80050529 bp)...
[M::mem_process_seqs] Processed 2012 reads in 10615.458 CPU sec, 1388.284 real sec
[M::process] read 2616 sequences (80050824 bp)...
[M::mem_process_seqs] Processed 2634 reads in 19573.114 CPU sec, 2534.396 real sec
[M::process] read 2580 sequences (80007507 bp)...
[M::mem_process_seqs] Processed 2616 reads in 17929.137 CPU sec, 2356.861 real sec
[M::process] read 1091 sequences (47240677 bp)...
[M::mem_process_seqs] Processed 2580 reads in 15906.742 CPU sec, 2030.547 real sec
[M::mem_process_seqs] Processed 1091 reads in 5302.113 CPU sec, 788.724 real sec
[main] Version: 0.7.15-r1140
[main] CMD: bwa mem -x ont2d -t8 /share/PI/mrivas/data/hg19/hg19.fa /dev/fd/63
[main] Real time: 78689.820 sec; CPU: 599275.243 sec
