1------------------------------------------

UKBiobank GFETCH
Compiled May 20 2015 15:17:53.
Setting output datafile to "chrom1.cal"
Querying remote inventory for chromosome 1, datatype cal
4765153 bytes fetched
Download has been logged against IP address 171.67.92.83

SESSION 12119817 assigned to this request

Identified 152729 person-datasets to retrieve
Parsing remote worklist........
Targetting 152729 records, 10GB (3 compressed)
Fetching data into file "chrom1.cal"
........................................ done 40000, 1hr 31min remaining
........................................ done 80000, 55min remaining
........................................ done 120000, 26min remaining
................................
Wrote 152729 items (10.1GB) to chrom1.cal in 7311 secs
Finished 
2------------------------------------------

UKBiobank GFETCH
Compiled May 20 2015 15:17:53.
Setting output datafile to "chrom2.cal"
Querying remote inventory for chromosome 2, datatype cal
4765453 bytes fetched
Download has been logged against IP address 171.67.92.83

SESSION 12119819 assigned to this request

Identified 152729 person-datasets to retrieve
Parsing remote worklist........
Targetting 152729 records, 9.9GB (2.9 compressed)
Fetching data into file "chrom2.cal"
........................................ done 40000, 1hr 39min remaining
........................................ done 80000, 1hr 5min remaining
........................................ done 120000, 29min remaining
................................
Wrote 152729 items (9.9GB) to chrom2.cal in 8054 secs
Finished 
3------------------------------------------

UKBiobank GFETCH
Compiled May 20 2015 15:17:53.
Setting output datafile to "chrom3.cal"
Querying remote inventory for chromosome 3, datatype cal
4765541 bytes fetched
Download has been logged against IP address 171.67.92.83

SESSION 12119822 assigned to this request

Identified 152729 person-datasets to retrieve
Parsing remote worklist........
Targetting 152729 records, 8.4GB (2.5 compressed)
Fetching data into file "chrom3.cal"
........................................ done 40000, 1hr 48min remaining
........................................ done 80000, 1hr 15min remaining
........................................ done 120000, 30min remaining
................................
Wrote 152729 items (8.4GB) to chrom3.cal in 8454 secs
Finished 
4------------------------------------------

UKBiobank GFETCH
Compiled May 20 2015 15:17:53.
Setting output datafile to "chrom4.cal"
Querying remote inventory for chromosome 4, datatype cal
4766092 bytes fetched
Download has been logged against IP address 171.67.92.83

SESSION 12141596 assigned to this request

Identified 152729 person-datasets to retrieve
Parsing remote worklist........
Targetting 152729 records, 7.6GB (2.3 compressed)
Fetching data into file "chrom4.cal"
........................................ done 40000, 1hr 42min remaining
........................................ done 80000, 1hr 5min remaining
........................................ done 120000, 28min remaining
................................
Wrote 152729 items (7.6GB) to chrom4.cal in 7818 secs
Finished 
5------------------------------------------

UKBiobank GFETCH
Compiled May 20 2015 15:17:53.
Setting output datafile to "chrom5.cal"
Querying remote inventory for chromosome 5, datatype cal
4766453 bytes fetched
Download has been logged against IP address 171.67.92.83

SESSION 12141599 assigned to this request

Identified 152729 person-datasets to retrieve
Parsing remote worklist........
Targetting 152729 records, 7.4GB (2.2 compressed)
Fetching data into file "chrom5.cal"
........................................ done 40000, 2hr 13min remaining
........................................ done 80000, 1hr 9min remaining
........................................ done 120000, 27min remaining
................................
Wrote 152729 items (7.4GB) to chrom5.cal in 7238 secs
Finished 
6------------------------------------------

UKBiobank GFETCH
Compiled May 20 2015 15:17:53.
Setting output datafile to "chrom6.cal"
Querying remote inventory for chromosome 6, datatype cal
4766033 bytes fetched
Download has been logged against IP address 171.67.92.83

SESSION 12142774 assigned to this request

Identified 152729 person-datasets to retrieve
Parsing remote worklist........
Targetting 152729 records, 8.6GB (2.6 compressed)
Fetching data into file "chrom6.cal"
........................................ done 40000, 1hr 15min remaining
........................................ done 80000, 51min remaining
........................................ done 120000, 22min remaining
................................
Wrote 152729 items (8.6GB) to chrom6.cal in 6191 secs
Finished 
7------------------------------------------

UKBiobank GFETCH
Compiled May 20 2015 15:17:53.
Setting output datafile to "chrom7.cal"
Querying remote inventory for chromosome 7, datatype cal
4766280 bytes fetched
Download has been logged against IP address 171.67.92.83

SESSION 12157897 assigned to this request

Identified 152729 person-datasets to retrieve
Parsing remote worklist........
Targetting 152729 records, 6.9GB (2.1 compressed)
Fetching data into file "chrom7.cal"
........................................ done 40000, 1hr 20min remaining
........................................ done 80000, 51min remaining
........................................ done 120000, 21min remaining
................................
Wrote 152729 items (6.9GB) to chrom7.cal in 6158 secs
Finished 
9------------------------------------------

UKBiobank GFETCH
Compiled May 20 2015 15:17:53.
Setting output datafile to "chrom9.cal"
Querying remote inventory for chromosome 9, datatype cal
4765317 bytes fetched
Download has been logged against IP address 171.67.92.83

SESSION 12157925 assigned to this request

Identified 152729 person-datasets to retrieve
Parsing remote worklist........
Targetting 152729 records, 5.5GB (1.6 compressed)
Fetching data into file "chrom9.cal"
........................................ done 40000, 1hr 22min remaining
........................................ done 80000, 1hr 6min remaining
........................................ done 120000, 30min remaining
................................
Wrote 152729 items (5.5GB) to chrom9.cal in 9148 secs
Finished 
10------------------------------------------

UKBiobank GFETCH
Compiled May 20 2015 15:17:53.
Setting output datafile to "chrom10.cal"
Querying remote inventory for chromosome 10, datatype cal
4765584 bytes fetched
Download has been logged against IP address 171.67.92.83

SESSION 12158292 assigned to this request

Identified 152729 person-datasets to retrieve
Parsing remote worklist........
Targetting 152729 records, 6.1GB (1.8 compressed)
Fetching data into file "chrom10.cal"
........................................ done 40000, 2hr 39min remaining
........................................ done 80000, 1hr 36min remaining
......................
Invalid header, size 0.................. done 120000, 39min remaining
..........................
Wrote 146729 items (5.9GB) to chrom10.cal in 10259 secs
Finished 
11------------------------------------------

UKBiobank GFETCH
Compiled May 20 2015 15:17:53.
Setting output datafile to "chrom11.cal"
Querying remote inventory for chromosome 11, datatype cal
4764794 bytes fetched
Download has been logged against IP address 171.67.92.83

SESSION 12158760 assigned to this request

Identified 152729 person-datasets to retrieve
Parsing remote worklist........
Targetting 152729 records, 6.6GB (2 compressed)
Fetching data into file "chrom11.cal"
........................................ done 40000, 1hr 54min remaining
........................................ done 80000, 1hr 14min remaining
........................................ done 120000, 31min remaining
................................
Wrote 152729 items (6.6GB) to chrom11.cal in 8920 secs
Finished 
12------------------------------------------

UKBiobank GFETCH
Compiled May 20 2015 15:17:53.
Setting output datafile to "chrom12.cal"
Querying remote inventory for chromosome 12, datatype cal
4765173 bytes fetched
Download has been logged against IP address 171.67.92.83

SESSION 12159171 assigned to this request

Identified 152729 person-datasets to retrieve
Parsing remote worklist........
Targetting 152729 records, 6GB (1.8 compressed)
Fetching data into file "chrom12.cal"
........................................ done 40000, 1hr 53min remaining
........................................ done 80000, 1hr 13min remaining
........................................ done 120000, 30min remaining
................................
Wrote 152729 items (6.0GB) to chrom12.cal in 8323 secs
Finished 
13------------------------------------------

UKBiobank GFETCH
Compiled May 20 2015 15:17:53.
Setting output datafile to "chrom13.cal"
Querying remote inventory for chromosome 13, datatype cal
4766144 bytes fetched
Download has been logged against IP address 171.67.92.83

SESSION 12159542 assigned to this request

Identified 152729 person-datasets to retrieve
Parsing remote worklist........
Targetting 152729 records, 4.4GB (1.3 compressed)
Fetching data into file "chrom13.cal"
........................................ done 40000, 1hr 25min remaining
........................................ done 80000, 58min remaining
........................................ done 120000, 24min remaining
................................
Wrote 152729 items (4.4GB) to chrom13.cal in 7371 secs
Finished 
14------------------------------------------

UKBiobank GFETCH
Compiled May 20 2015 15:17:53.
Setting output datafile to "chrom14.cal"
Querying remote inventory for chromosome 14, datatype cal
4765153 bytes fetched
Download has been logged against IP address 171.67.92.83

SESSION 12159865 assigned to this request

Identified 152729 person-datasets to retrieve
Parsing remote worklist........
Targetting 152729 records, 4.2GB (1.3 compressed)
Fetching data into file "chrom14.cal"
........................................ done 40000, 1hr 20min remaining
........................................ done 80000, 48min remaining
........................................ done 120000, 20min remaining
................................
Wrote 152729 items (4.2GB) to chrom14.cal in 6322 secs
Finished 
15------------------------------------------

UKBiobank GFETCH
Compiled May 20 2015 15:17:53.
Setting output datafile to "chrom15.cal"
Querying remote inventory for chromosome 15, datatype cal
4765811 bytes fetched
Download has been logged against IP address 171.67.92.83

SESSION 12160142 assigned to this request

Identified 152729 person-datasets to retrieve
Parsing remote worklist........
Targetting 152729 records, 3.9GB (1.2 compressed)
Fetching data into file "chrom15.cal"
........................................ done 40000, 2hr 1min remaining
........................................ done 80000, 1hr 18min remaining
........................................ done 120000, 32min remaining
................................
Wrote 152729 items (3.9GB) to chrom15.cal in 9163 secs
Finished 
16------------------------------------------

UKBiobank GFETCH
Compiled May 20 2015 15:17:53.
Setting output datafile to "chrom16.cal"
Querying remote inventory for chromosome 16, datatype cal
4765074 bytes fetched
Download has been logged against IP address 171.67.92.83

SESSION 12160541 assigned to this request

Identified 152729 person-datasets to retrieve
Parsing remote worklist........
Targetting 152729 records, 4.7GB (1.4 compressed)
Fetching data into file "chrom16.cal"
........................................ done 40000, 1hr 53min remaining
........................................ done 80000, 1hr 15min remaining
........................................ done 120000, 31min remaining
................................
Wrote 152729 items (4.7GB) to chrom16.cal in 8293 secs
Finished 
17------------------------------------------

UKBiobank GFETCH
Compiled May 20 2015 15:17:53.
Setting output datafile to "chrom17.cal"
Querying remote inventory for chromosome 17, datatype cal
4764631 bytes fetched
Download has been logged against IP address 171.67.92.83

SESSION 12160899 assigned to this request

Identified 152729 person-datasets to retrieve
Parsing remote worklist........
Targetting 152729 records, 4.8GB (1.4 compressed)
Fetching data into file "chrom17.cal"
........................................ done 40000, 1hr 10min remaining
........................................ done 80000, 44min remaining
........................................ done 120000, 19min remaining
................................
Wrote 152729 items (4.8GB) to chrom17.cal in 5355 secs
Finished 
18------------------------------------------

UKBiobank GFETCH
Compiled May 20 2015 15:17:53.
Setting output datafile to "chrom18.cal"
Querying remote inventory for chromosome 18, datatype cal
4766817 bytes fetched
Download has been logged against IP address 171.67.92.83

SESSION 12161080 assigned to this request

Identified 152729 person-datasets to retrieve
Parsing remote worklist........
Targetting 152729 records, 3.5GB (1.1 compressed)
Fetching data into file "chrom18.cal"
........................................ done 40000, 49min remaining
........................................ done 80000, 30min remaining
........................................ done 120000, 12min remaining
................................
Wrote 152729 items (3.5GB) to chrom18.cal in 3624 secs
Finished 
19------------------------------------------

UKBiobank GFETCH
Compiled May 20 2015 15:17:53.
Setting output datafile to "chrom19.cal"
Querying remote inventory for chromosome 19, datatype cal
4764967 bytes fetched
Download has been logged against IP address 171.67.92.83

SESSION 12161207 assigned to this request

Identified 152729 person-datasets to retrieve
Parsing remote worklist........
Targetting 152729 records, 4.4GB (1.3 compressed)
Fetching data into file "chrom19.cal"
........................................ done 40000, 47min remaining
........................................ done 80000, 30min remaining
........................................ done 120000, 12min remaining
................................
Wrote 152729 items (4.4GB) to chrom19.cal in 3588 secs
Finished 
20------------------------------------------

UKBiobank GFETCH
Compiled May 20 2015 15:17:53.
Setting output datafile to "chrom20.cal"
Querying remote inventory for chromosome 20, datatype cal
4765863 bytes fetched
Download has been logged against IP address 171.67.92.83

SESSION 12161336 assigned to this request

Identified 152729 person-datasets to retrieve
Parsing remote worklist........
Targetting 152729 records, 3.2GB (0.96 compressed)
Fetching data into file "chrom20.cal"
........................................ done 40000, 46min remaining
........................................ done 80000, 30min remaining
........................................ done 120000, 12min remaining
................................
Wrote 152729 items (3.2GB) to chrom20.cal in 3530 secs
Finished 
21------------------------------------------

UKBiobank GFETCH
Compiled May 20 2015 15:17:53.
Setting output datafile to "chrom21.cal"
Querying remote inventory for chromosome 21, datatype cal
4765717 bytes fetched
Download has been logged against IP address 171.67.92.83

SESSION 12161476 assigned to this request

Identified 152729 person-datasets to retrieve
Parsing remote worklist........
Targetting 152729 records, 1.8GB (0.56 compressed)
Fetching data into file "chrom21.cal"
........................................ done 40000, 11min remaining
........................................ done 80000, 7min 28sec remaining
........................................ done 120000, 3min 10sec remaining
................................
Wrote 152729 items (1.8GB) to chrom21.cal in 904 secs
Finished 
22------------------------------------------

UKBiobank GFETCH
Compiled May 20 2015 15:17:53.
Setting output datafile to "chrom22.cal"
Querying remote inventory for chromosome 22, datatype cal
4765768 bytes fetched
Download has been logged against IP address 171.67.92.83

SESSION 12161515 assigned to this request

Identified 152729 person-datasets to retrieve
Parsing remote worklist........
Targetting 152729 records, 2.1GB (0.64 compressed)
Fetching data into file "chrom22.cal"
........................................ done 40000, 44min remaining
........................................ done 80000, 29min remaining
........................................ done 120000, 12min remaining
................................
Wrote 152729 items (2.1GB) to chrom22.cal in 3465 secs
Finished 
23------------------------------------------

UKBiobank GFETCH
Compiled May 20 2015 15:17:53.
Setting output datafile to "chromX.cal"
Querying remote inventory for chromosome 23, datatype cal
4764877 bytes fetched
Download has been logged against IP address 171.67.92.83

SESSION 12161662 assigned to this request

Identified 152729 person-datasets to retrieve
Parsing remote worklist........
Targetting 152729 records, 3.3GB (0.9 compressed)
Fetching data into file "chromX.cal"
........................................ done 40000, 45min remaining
........................................ done 80000, 29min remaining
........................................ done 120000, 12min remaining
................................
Wrote 152729 items (3.3GB) to chromX.cal in 3516 secs
Finished 
24------------------------------------------

UKBiobank GFETCH
Compiled May 20 2015 15:17:53.
Setting output datafile to "chromY.cal"
Querying remote inventory for chromosome 24, datatype cal
4764731 bytes fetched
Download has been logged against IP address 171.67.92.83

SESSION 12161806 assigned to this request

Identified 152729 person-datasets to retrieve
Parsing remote worklist........
Targetting 152729 records, 0.17GB (0.05 compressed)
Fetching data into file "chromY.cal"
........................................ done 40000, 11min remaining
........................................ done 80000, 6min 48sec remaining
........................................ done 120000, 2min 58sec remaining
................................
Wrote 152729 items (175.6MB) to chromY.cal in 853 secs
Finished 
26------------------------------------------

UKBiobank GFETCH
Compiled May 20 2015 15:17:53.
Setting output datafile to "chromMT.cal"
Querying remote inventory for chromosome 25, datatype cal
4766571 bytes fetched
Download has been logged against IP address 171.67.92.83

SESSION 12161844 assigned to this request

Identified 152729 person-datasets to retrieve
Parsing remote worklist........
Targetting 152729 records, 0.063GB (0.036 compressed)
Fetching data into file "chromMT.cal"
........................................ done 40000, 19min remaining
........................................ done 80000, 8min 58sec remaining
........................................ done 120000, 3min 35sec remaining
................................
Wrote 152729 items (64.0MB) to chromMT.cal in 1004 secs
Finished 
