2017-06-29 11:16:36,993 read_prior_cnts INFO     reading prior counts from /oak/stanford/groups/mrivas/users/ytanigaw/nanopore-data/prior_count
2017-06-29 11:16:36,993 read_prior_cnts INFO     reading block 0 of 642
2017-06-29 11:16:38,763 read_prior_cnts INFO     reading block 100 of 642
2017-06-29 11:16:40,349 read_prior_cnts INFO     reading block 200 of 642
2017-06-29 11:16:41,834 read_prior_cnts INFO     reading block 300 of 642
2017-06-29 11:16:43,080 read_prior_cnts INFO     reading block 400 of 642
2017-06-29 11:16:44,525 read_prior_cnts INFO     reading block 500 of 642
2017-06-29 11:16:45,570 read_prior_cnts INFO     reading block 600 of 642
2017-06-29 11:16:46,027 read_prior_cnts INFO     prior counts is loaded on memory
2017-06-29 11:16:46,030 update_ll    INFO     processing read 0 33ecb953-edd6-445b-87da-85c4551d8c8c_Basecall_Alignment_template
2017-06-29 11:16:48,607 update_ll    INFO     processing read 100 de64e45a-c5ad-4813-934a-e3944889d2c3_Basecall_Alignment_template
2017-06-29 11:16:49,286 update_ll    INFO     processing read 200 7bffb5d5-87a2-453a-a7f5-1e517ed8deef_Basecall_Alignment_template
2017-06-29 11:16:49,766 update_ll    INFO     processing read 300 fa1c72a2-c997-4ffd-b959-1acdfa884af4_Basecall_Alignment_template
2017-06-29 11:16:50,381 update_ll    INFO     processing read 400 5dedf3f4-1c80-4e79-972b-1ee19172d0a4_Basecall_Alignment_template
2017-06-29 11:16:50,951 update_ll    INFO     processing read 500 58d96c98-4667-43db-b352-8bd246b1477d_Basecall_Alignment_template
2017-06-29 11:16:51,325 update_ll    INFO     processing read 600 f0e6dda9-88c0-4a74-8bf5-c1f904e86b08_Basecall_Alignment_template
2017-06-29 11:16:51,671 update_ll    INFO     processing read 700 c94c5e48-4315-4eea-bc49-64cae489f5c8_Basecall_Alignment_template
2017-06-29 11:16:51,987 update_ll    INFO     processing read 800 8b234fbe-646b-4089-87b1-08abd91f7ff1_Basecall_Alignment_template
2017-06-29 11:16:52,304 update_ll    INFO     processing read 900 17e8d551-8e7b-44cd-8419-00b471375140_Basecall_Alignment_template
2017-06-29 11:16:52,616 update_ll    INFO     processing read 1000 330ca910-db7d-4dab-a959-41ef67b2564c_Basecall_Alignment_template
2017-06-29 11:16:52,879 update_ll    INFO     processing read 1100 1e91ce03-d3a1-4b52-a8ab-8e8822e22704_Basecall_Alignment_template
2017-06-29 11:16:53,182 update_ll    INFO     processing read 1200 1e63aa52-aae6-4f24-82fa-c13cc933a34d_Basecall_Alignment_template
2017-06-29 11:16:53,432 update_ll    INFO     processing read 1300 2f21f627-d6c0-4aca-8cfe-a3415486ea58_Basecall_Alignment_template
2017-06-29 11:16:53,891 update_ll    INFO     processing read 1400 991534b2-8948-4e90-a7e0-cbe7c99d6ce3_Basecall_Alignment_template
2017-06-29 11:16:54,276 update_ll    INFO     processing read 1500 5ce9c26d-fdbf-44d5-a5db-5370ef844d96_Basecall_Alignment_template
2017-06-29 11:16:54,611 update_ll    INFO     processing read 1600 6522de81-a80a-46ae-8c99-96c99f57a098_Basecall_Alignment_template
2017-06-29 11:16:54,826 update_ll    INFO     processing read 1700 4caec967-278f-404e-8481-9ac856927722_Basecall_Alignment_template
2017-06-29 11:16:55,142 update_ll    INFO     processing read 1800 8742a680-9e04-4e90-a079-1146ebe53f11_Basecall_Alignment_template
2017-06-29 11:16:55,421 update_ll    INFO     processing read 1900 f258cda6-e4ee-48f5-8200-80e7b9b723f0_Basecall_Alignment_template
2017-06-29 11:16:55,792 update_ll    INFO     processing read 2000 18969a6f-ee37-4148-b14d-ae78a4a3982e_Basecall_Alignment_template
2017-06-29 11:16:56,133 update_ll    INFO     processing read 2100 b6b4c6a4-e851-4fcb-8ae4-82597ea7179b_Basecall_Alignment_template
2017-06-29 11:16:56,758 update_ll    INFO     processing read 2200 a11f3bd3-a622-47e9-a760-bc674caa3b5f_Basecall_Alignment_template
2017-06-29 11:16:57,662 update_ll    INFO     processing read 2300 94210937-c12f-4220-ac37-1f5660aa9cdd_Basecall_Alignment_template
2017-06-29 11:16:58,292 update_ll    INFO     processing read 2400 b151579b-e0db-4f18-a55f-dd52231ea489_Basecall_Alignment_template
2017-06-29 11:16:58,652 update_ll    INFO     processing read 2500 83a1b01c-90e0-43b0-a29f-8f9f1d28f6ff_Basecall_Alignment_template
2017-06-29 11:16:59,323 update_ll    INFO     processing read 2600 87eb36df-41b8-4ab2-a72d-4e12f7c692ff_Basecall_Alignment_template
2017-06-29 11:16:59,910 update_ll    INFO     processing read 2700 c5b5cf7c-b927-4020-bbc0-1178e0ac852a_Basecall_Alignment_template
2017-06-29 11:17:00,168 update_ll    INFO     processing read 2800 f67c9086-3e60-46a7-99b1-86522e194ec4_Basecall_Alignment_template
2017-06-29 11:17:00,387 update_ll    INFO     processing read 2900 ad4b6535-1037-4304-bda6-5c464b15fe78_Basecall_Alignment_template
2017-06-29 11:17:00,751 update_ll    INFO     processing read 3000 0ef266a7-24d5-45d2-8f5e-b8206dc136e7_Basecall_Alignment_template
2017-06-29 11:17:01,162 update_ll    INFO     processing read 3100 41e2e50c-ad75-4da7-ac1c-d81aa11abdc2_Basecall_Alignment_template
2017-06-29 11:17:01,461 update_ll    INFO     processing read 3200 7af93733-150c-44e6-a134-6333992b0cad_Basecall_Alignment_template
2017-06-29 11:17:01,761 update_ll    INFO     processing read 3300 5d207ba2-2bd5-4181-bf35-2f251322e684_Basecall_Alignment_template
2017-06-29 11:17:02,150 update_ll    INFO     processing read 3400 ba995074-21d2-45f1-bf78-70013d8bb7f0_Basecall_Alignment_template
2017-06-29 11:17:02,437 update_ll    INFO     processing read 3500 67a819d4-e67c-46f2-91e0-7a4f2080117d_Basecall_Alignment_template
2017-06-29 11:17:02,923 update_ll    INFO     processing read 3600 34c5ef06-14ba-4a77-b630-6c17839d95bc_Basecall_Alignment_template
2017-06-29 11:17:03,197 update_ll    INFO     processing read 3700 18ecbf96-9178-43e2-9292-a60b13035ddb_Basecall_Alignment_template
2017-06-29 11:17:03,522 update_ll    INFO     processing read 3800 243ebb39-8ecf-48c5-b094-cd467146a0e5_Basecall_Alignment_template
2017-06-29 11:17:03,768 update_ll    INFO     processing read 3900 46a555f6-8d7c-4379-a103-103c8b0104ca_Basecall_Alignment_template
2017-06-29 11:17:04,010 update_ll    INFO     processing read 4000 652b3339-e50c-489c-a7ed-c781343e0032_Basecall_Alignment_template
2017-06-29 11:17:04,211 update_ll    INFO     processing read 4100 c46f73ec-ef9f-4a3d-a652-7d88c2c01511_Basecall_Alignment_template
2017-06-29 11:17:04,686 update_ll    INFO     processing read 4200 ed571381-c91b-468f-b25e-f27238e43963_Basecall_Alignment_template
2017-06-29 11:17:05,019 update_ll    INFO     processing read 4300 5f4cb7a4-1385-41a4-b107-a2da32b2d0db_Basecall_Alignment_template
2017-06-29 11:17:05,376 update_ll    INFO     processing read 4400 113bfbc8-769b-486b-a2c2-6c9dc54fbda6_Basecall_Alignment_template
2017-06-29 11:17:05,660 update_ll    INFO     processing read 4500 53ce2393-59fe-4489-888e-f7e0ace2e726_Basecall_Alignment_template
2017-06-29 11:17:05,963 update_ll    INFO     processing read 4600 c696f461-0d9a-4562-9bae-10e8b261ebaf_Basecall_Alignment_template
2017-06-29 11:17:06,327 update_ll    INFO     processing read 4700 8f0ba782-44a2-4608-b1c8-01978989ad14_Basecall_Alignment_template
2017-06-29 11:17:06,690 update_ll    INFO     processing read 4800 1862191f-f47a-48a3-b734-18fb4687eba6_Basecall_Alignment_template
2017-06-29 11:17:07,062 update_ll    INFO     processing read 4900 b8f03aee-c539-4e3f-a5cd-598acfe64465_Basecall_Alignment_template
2017-06-29 11:17:07,477 update_ll    INFO     processing read 5000 e785b863-ad14-4a5a-a2ff-b54ae0745978_Basecall_Alignment_template
2017-06-29 11:17:07,970 update_ll    INFO     processing read 5100 5b17624d-53a5-4db4-9265-bdfed254feea_Basecall_Alignment_template
2017-06-29 11:17:08,203 update_ll    INFO     processing read 5200 926f562a-4cd6-4d7d-a265-e095276321f7_Basecall_Alignment_template
2017-06-29 11:17:08,366 update_ll    INFO     processing read 5300 9015c17c-90a5-4011-9db2-7e678613463d_Basecall_Alignment_template
2017-06-29 11:17:08,734 update_ll    INFO     processing read 5400 f5bbd717-0bab-4afe-919d-305ca2f0a351_Basecall_Alignment_template
2017-06-29 11:17:09,151 update_ll    INFO     processing read 5500 38c992fb-9a9b-48f6-8855-3fed050fc368_Basecall_Alignment_template
2017-06-29 11:17:09,409 update_ll    INFO     processing read 5600 8ef42b8b-abf3-4da1-8891-9c1109241af2_Basecall_Alignment_template
2017-06-29 11:17:09,843 update_ll    INFO     processing read 5700 31456371-1ca5-4e19-a922-d757d86ae0e7_Basecall_Alignment_template
2017-06-29 11:17:10,172 update_ll    INFO     processing read 5800 7c80f251-2ea2-439a-9d58-ed0fb129bf52_Basecall_Alignment_template
2017-06-29 11:17:10,430 update_ll    INFO     processing read 5900 5e04c2b3-4a78-45f2-a723-ea9d5fe7090b_Basecall_Alignment_template
2017-06-29 11:17:10,842 update_ll    INFO     processing read 6000 d5b170e4-b732-4fc9-9c81-8e1e5236c03d_Basecall_Alignment_template
2017-06-29 11:17:11,209 update_ll    INFO     processing read 6100 a5a47315-08e3-467b-b2ed-0c87ed434a27_Basecall_Alignment_template
2017-06-29 11:17:11,633 update_ll    INFO     processing read 6200 2842c0c8-d193-4ca2-92a6-2fb310d062c2_Basecall_Alignment_template
2017-06-29 11:17:12,173 update_ll    INFO     processing read 6300 1ec5e6ac-af1b-438a-b48d-5820150bb6d4_Basecall_Alignment_template
2017-06-29 11:17:12,405 update_ll    INFO     processing read 6400 df2f0084-3804-4110-9cc1-4e9b2eb1a6b3_Basecall_Alignment_template
2017-06-29 11:17:12,699 update_ll    INFO     processing read 6500 abbbd8e7-3ed1-4d23-a156-017e6532fcd8_Basecall_Alignment_template
2017-06-29 11:17:13,054 update_ll    INFO     processing read 6600 386d0658-8dd2-4ba7-bc55-da051fdd7832_Basecall_Alignment_template
2017-06-29 11:17:13,381 update_ll    INFO     processing read 6700 76c7f7ad-359d-468b-a281-fa30182b106a_Basecall_Alignment_template
2017-06-29 11:17:13,747 update_ll    INFO     processing read 6800 d0153bd4-66d5-4217-b5df-6706b8218a05_Basecall_Alignment_template
2017-06-29 11:17:14,092 update_ll    INFO     processing read 6900 58dd13a3-a1c1-46e9-8f79-bf5524a4f04a_Basecall_Alignment_template
2017-06-29 11:17:14,346 update_ll    INFO     processing read 7000 739ceac4-fdd2-486f-b91d-727c60e5f741_Basecall_Alignment_template
2017-06-29 11:17:14,609 update_ll    INFO     processing read 7100 9f8fb4cd-301b-4f93-929c-a6cef799d3aa_Basecall_Alignment_template
2017-06-29 11:17:14,967 update_ll    INFO     processing read 7200 c1adb3e8-f0da-4fc0-bd49-f815e55e5840_Basecall_Alignment_template
2017-06-29 11:17:15,428 update_ll    INFO     processing read 7300 646f91ba-96c0-4342-b36c-0bbbdf4a8150_Basecall_Alignment_template
2017-06-29 11:17:15,811 update_ll    INFO     processing read 7400 a3807672-4e92-46f7-a712-c139a822c02d_Basecall_Alignment_template
2017-06-29 11:17:16,166 update_ll    INFO     processing read 7500 d1ec30f0-b451-4e61-91b3-4c3c50dd25d2_Basecall_Alignment_template
2017-06-29 11:17:16,669 update_ll    INFO     processing read 7600 09684113-6f85-45c6-be39-97115ccf5c99_Basecall_Alignment_template
2017-06-29 11:17:17,050 update_ll    INFO     processing read 7700 b9639478-9a1b-4679-b990-c5a01ab197e6_Basecall_Alignment_template
2017-06-29 11:17:17,348 update_ll    INFO     processing read 7800 275f8879-1e18-4716-b4b7-a9b84ecd7d18_Basecall_Alignment_template
2017-06-29 11:17:17,589 update_ll    INFO     processing read 7900 2be14270-a836-40ea-b324-90619e554877_Basecall_Alignment_template
2017-06-29 11:17:17,792 update_ll    INFO     processing read 8000 562e96d1-7df7-433a-9b7e-7a0ba87cec98_Basecall_Alignment_template
2017-06-29 11:17:17,937 update_ll    INFO     processing read 8100 f367a5f1-bf01-4114-8bcd-787aabef2f13_Basecall_Alignment_template
2017-06-29 11:17:18,072 update_ll    INFO     processing read 8200 0b67af5a-3a60-4384-9089-d3d90d8f19e6_Basecall_Alignment_template
2017-06-29 11:17:18,194 update_ll    INFO     processing read 8300 48bc7a8d-8dd5-4f89-b88f-03d37c781cc8_Basecall_Alignment_template
2017-06-29 11:17:18,343 update_ll    INFO     processing read 8400 2a0812aa-9fe9-4a73-90b1-74eb105d2cbb_Basecall_Alignment_template
2017-06-29 11:17:18,516 update_ll    INFO     processing read 8500 53fe29fd-80d7-40a7-8001-5a0ffcec8352_Basecall_Alignment_template
2017-06-29 11:17:18,778 update_ll    INFO     processing read 8600 7e40aee0-9a47-4fee-a585-de4ad472863e_Basecall_Alignment_template
2017-06-29 11:17:19,074 update_ll    INFO     processing read 8700 2e06ff6f-6249-4540-b141-5607f9b8e392_Basecall_Alignment_template
2017-06-29 11:17:19,375 update_ll    INFO     processing read 8800 9ba633f8-b71a-4229-bb27-5db095845154_Basecall_Alignment_template
2017-06-29 11:17:19,742 update_ll    INFO     processing read 8900 7aee9093-62e1-4411-b005-1e0476add845_Basecall_Alignment_template
2017-06-29 11:17:20,134 update_ll    INFO     processing read 9000 5fb2e5ec-0da8-4988-98da-8d2aa52d2428_Basecall_Alignment_template
2017-06-29 11:17:20,468 update_ll    INFO     processing read 9100 4e72ac1c-b915-451b-a77f-37d1027a766a_Basecall_Alignment_template
2017-06-29 11:17:20,780 update_ll    INFO     processing read 9200 63771107-2bc8-4f3d-8113-5d903736f8e8_Basecall_Alignment_template
2017-06-29 11:17:21,040 update_ll    INFO     processing read 9300 5570077e-ac1d-4ea6-b9a0-82fdaa3161ac_Basecall_Alignment_template
2017-06-29 11:17:21,707 update_ll    INFO     processing read 9400 095817d9-4679-4402-81de-ff4d222b1c7d_Basecall_Alignment_template
2017-06-29 11:17:22,434 update_ll    INFO     processing read 9500 1ea9c6c1-ebb3-4a14-82ce-20957c5fd072_Basecall_Alignment_template
2017-06-29 11:17:22,956 update_ll    INFO     processing read 9600 a6e67990-30ac-4235-8128-6a8244c5f544_Basecall_Alignment_template
2017-06-29 11:17:23,484 update_ll    INFO     processing read 9700 42544e17-a464-45a5-bc19-b570e4154292_Basecall_Alignment_template
2017-06-29 11:17:24,512 update_ll    INFO     processing read 9800 a7dfb514-87d4-48e5-8e85-06957077de44_Basecall_Alignment_template
2017-06-29 11:17:25,187 update_ll    INFO     processing read 9900 693c7189-b36d-45f4-88aa-901192c03c0e_Basecall_Alignment_template
2017-06-29 11:17:25,808 update_ll    INFO     processing read 10000 220de118-e42e-4e32-869c-0b7f327f80cc_Basecall_Alignment_template
2017-06-29 11:17:26,377 update_ll    INFO     processing read 10100 b058f9bc-86f2-4a2d-9200-6790c881d071_Basecall_Alignment_template
2017-06-29 11:17:26,830 update_ll    INFO     processing read 10200 0043db7c-f355-4a42-936a-6433110615a5_Basecall_Alignment_template
2017-06-29 11:17:27,314 update_ll    INFO     processing read 10300 603ebbbb-34d6-4a0d-943f-9dad4d7ce659_Basecall_Alignment_template
2017-06-29 11:17:27,646 update_ll    INFO     processing read 10400 228a781a-9787-40e2-a274-19c0eefe97aa_Basecall_Alignment_template
2017-06-29 11:17:28,003 update_ll    INFO     processing read 10500 fbcc087a-a084-46f8-90c6-88d1531447db_Basecall_Alignment_template
2017-06-29 11:17:28,344 update_ll    INFO     processing read 10600 26f62cff-4a55-4609-b399-03185326d425_Basecall_Alignment_template
2017-06-29 11:17:28,647 update_ll    INFO     processing read 10700 90f498a4-0c47-43b7-a941-4edb21f8b270_Basecall_Alignment_template
2017-06-29 11:17:28,990 update_ll    INFO     processing read 10800 057d1f50-3253-47f1-96c7-2c9cd8c3a6d6_Basecall_Alignment_template
2017-06-29 11:17:29,297 update_ll    INFO     processing read 10900 24e01d95-da4e-413c-a582-45231fb8aac0_Basecall_Alignment_template
2017-06-29 11:17:29,589 update_ll    INFO     processing read 11000 9288f4f7-501c-445a-abe0-97a613c13a4b_Basecall_Alignment_template
2017-06-29 11:17:29,959 update_ll    INFO     processing read 11100 4e05a445-1f3f-49ac-a179-afdbfa334a9f_Basecall_Alignment_template
2017-06-29 11:17:30,335 update_ll    INFO     processing read 11200 f594a839-7dfa-4a61-ac19-01b01be45e40_Basecall_Alignment_template
2017-06-29 11:17:30,666 update_ll    INFO     processing read 11300 749ea4ad-d83f-4e3d-8f64-63694935ad2c_Basecall_Alignment_template
2017-06-29 11:17:31,021 update_ll    INFO     processing read 11400 3a7f11a0-c00c-4884-9c15-e53ee43df117_Basecall_Alignment_template
2017-06-29 11:17:31,406 update_ll    INFO     processing read 11500 70f5d986-4d38-4db7-9a7e-cb2b4a235f56_Basecall_Alignment_template
2017-06-29 11:17:31,676 update_ll    INFO     processing read 11600 ac3f79ab-fea9-4831-a86f-0aa3046a5f4a_Basecall_Alignment_template
2017-06-29 11:17:32,119 update_ll    INFO     processing read 11700 249f9d94-32f2-45d1-be50-eefc62c7db51_Basecall_Alignment_template
2017-06-29 11:17:32,422 update_ll    INFO     processing read 11800 45b7e86a-6cf9-481e-9d6b-457abd67d261_Basecall_Alignment_template
2017-06-29 11:17:32,577 update_ll    INFO     processing read 11900 c24d5d7f-4d01-4f6a-8425-681bdca5078b_Basecall_Alignment_template
2017-06-29 11:17:32,724 update_ll    INFO     processing read 12000 b3a1b925-e084-470c-bb7d-080bde271d97_Basecall_Alignment_template
2017-06-29 11:17:32,957 update_ll    INFO     processing read 12100 f7d71f24-94c5-47d0-a6b2-b7e8af888dd9_Basecall_Alignment_template
2017-06-29 11:17:33,173 update_ll    INFO     processing read 12200 903b0856-814b-446b-9317-b29014b95d74_Basecall_Alignment_template
2017-06-29 11:17:33,377 update_ll    INFO     processing read 12300 8bd0ef09-4e24-4114-ac9c-2a26d04637fe_Basecall_Alignment_template
2017-06-29 11:17:33,485 update_ll    INFO     processing read 12400 9f274b3d-a99d-4102-9d58-4de1bd781c8e_Basecall_Alignment_template
2017-06-29 11:17:33,575 update_ll    INFO     processing read 12500 4a54f445-ba5a-4b1c-a5f1-34ce23130133_Basecall_Alignment_template
2017-06-29 11:17:33,665 update_ll    INFO     processing read 12600 70fdce6b-714a-4009-96c7-ac1552acdcd8_Basecall_Alignment_template
2017-06-29 11:17:33,758 update_ll    INFO     processing read 12700 98832dc3-cfe2-4285-a868-a2ca69b7ce1e_Basecall_Alignment_template
2017-06-29 11:17:33,860 update_ll    INFO     processing read 12800 5e279e46-a162-4ba3-ac86-f6cc25de8955_Basecall_Alignment_template
2017-06-29 11:17:33,962 update_ll    INFO     processing read 12900 1381abb9-d083-41bc-9612-2c3bbca8ca01_Basecall_Alignment_template
2017-06-29 11:17:34,173 update_ll    INFO     processing read 13000 988302af-4672-4582-bd00-4300fffa79fb_Basecall_Alignment_template
2017-06-29 11:17:34,382 update_ll    INFO     processing read 13100 897e86d0-b329-4e3d-b7f7-d31bf41d7579_Basecall_Alignment_template
2017-06-29 11:17:34,649 update_ll    INFO     processing read 13200 1df286ef-d1ef-4a6e-8d97-1d25d5607137_Basecall_Alignment_template
2017-06-29 11:17:34,929 update_ll    INFO     processing read 13300 1e0fae0d-8a25-4cb8-a5c9-679074d0d88a_Basecall_Alignment_template
2017-06-29 11:17:35,313 update_ll    INFO     processing read 13400 c9e3f834-7069-4ad8-9c12-e15c3cb27950_Basecall_Alignment_template
2017-06-29 11:17:35,629 update_ll    INFO     processing read 13500 4da1999c-48f5-466c-a0af-03cbc8f21aa0_Basecall_Alignment_template
2017-06-29 11:17:35,946 update_ll    INFO     processing read 13600 ff5b4d5d-86ef-4ce6-b9b8-43c2d67661dc_Basecall_Alignment_template
2017-06-29 11:17:36,178 update_ll    INFO     processing read 13700 7f9579e8-3f23-4fb5-8b98-8d41ee9425cf_Basecall_Alignment_template
2017-06-29 11:17:36,483 update_ll    INFO     processing read 13800 00b66dd3-945b-4301-b8fa-d322c6e859c0_Basecall_Alignment_template
2017-06-29 11:17:36,741 update_ll    INFO     processing read 13900 f605c14b-8f5b-4177-b11b-d74de3920a99_Basecall_Alignment_template
2017-06-29 11:17:37,026 update_ll    INFO     processing read 14000 f52405ec-2fe6-405e-aa12-06c707a9cfe2_Basecall_Alignment_template
2017-06-29 11:17:37,382 update_ll    INFO     processing read 14100 b4cf629a-3c19-4990-89df-491cb7a8cbbe_Basecall_Alignment_template
2017-06-29 11:17:37,639 update_ll    INFO     processing read 14200 5878763d-f230-4af7-9f0a-53fdd07800f0_Basecall_Alignment_template
2017-06-29 11:17:37,864 update_ll    INFO     processing read 14300 6cfbf44b-1f23-4435-a504-739966df327e_Basecall_Alignment_template
2017-06-29 11:17:38,124 update_ll    INFO     processing read 14400 d84c8e0b-1eeb-4211-bb72-c6614e50ce0e_Basecall_Alignment_template
2017-06-29 11:17:38,394 update_ll    INFO     processing read 14500 66621c5f-b3ec-4d1f-be4b-9c4e9203899a_Basecall_Alignment_template
2017-06-29 11:17:38,618 update_ll    INFO     processing read 14600 de270c3c-f731-4c69-8f26-95e0f1e48c3c_Basecall_Alignment_template
2017-06-29 11:17:38,864 update_ll    INFO     processing read 14700 0faea9b0-0b94-4268-aa42-1c4c5c787811_Basecall_Alignment_template
2017-06-29 11:17:38,973 update_ll    INFO     processing read 14800 97bd2e91-2f6d-4773-8295-168fdd06c22f_Basecall_Alignment_template
2017-06-29 11:17:39,069 update_ll    INFO     processing read 14900 396d5bbf-6562-459e-96fa-26cf4a755f7f_Basecall_Alignment_template
2017-06-29 11:17:39,165 update_ll    INFO     processing read 15000 1b2e2873-1b35-4353-af02-9aa7078a3ffd_Basecall_Alignment_template
2017-06-29 11:17:39,261 update_ll    INFO     processing read 15100 bf87724c-9ef1-4f9c-b9cc-87ae4ef21637_Basecall_Alignment_template
2017-06-29 11:17:39,346 update_ll    INFO     processing read 15200 fd3de5ab-ada3-45ab-b332-720a21f9ac9a_Basecall_Alignment_template
2017-06-29 11:17:39,412 update_ll    INFO     processing read 15300 697befd4-5e1d-46b8-96e4-75cc6d646456_Basecall_Alignment_template
2017-06-29 11:17:39,502 update_ll    INFO     processing read 15400 d4296724-e6ef-4408-9608-584133f61acd_Basecall_Alignment_template
2017-06-29 11:17:39,557 update_ll    INFO     processing read 15500 e0dea25f-564b-4454-9545-a6ef91c6852a_Basecall_Alignment_template
2017-06-29 11:17:39,607 update_ll    INFO     processing read 15600 366f3440-dabe-4bbf-81c8-022a22c68bb0_Basecall_Alignment_template
2017-06-29 11:17:39,699 update_ll    INFO     processing read 15700 b29b99ca-620f-448d-a7b0-e4c48a9ccfe1_Basecall_Alignment_template
2017-06-29 11:17:39,776 update_ll    INFO     processing read 15800 6f4e97b7-e0a4-4547-9ae4-9f0eabf34d2d_Basecall_Alignment_template
2017-06-29 11:17:39,855 update_ll    INFO     processing read 15900 0ae1797e-33e4-4d9f-b488-87d32cc78d7e_Basecall_Alignment_template
2017-06-29 11:17:39,931 update_ll    INFO     processing read 16000 cb331ba2-ba5a-492f-8d89-bc8aff0c17b3_Basecall_Alignment_template
2017-06-29 11:17:40,014 update_ll    INFO     processing read 16100 551b07f0-2971-4d26-b98e-4c1156bb5270_Basecall_Alignment_template
2017-06-29 11:17:40,095 update_ll    INFO     processing read 16200 2d74bc29-3592-4397-aabb-9afe15e5e382_Basecall_Alignment_template
2017-06-29 11:17:40,201 update_ll    INFO     processing read 16300 4d0f25ce-4d85-4f46-b02c-27b7be50a304_Basecall_Alignment_template
2017-06-29 11:17:40,283 update_ll    INFO     processing read 16400 b4566001-1290-4bf4-9690-03a9433d591a_Basecall_Alignment_template
2017-06-29 11:17:40,367 update_ll    INFO     processing read 16500 2eccd746-9532-411d-9783-56336a32455f_Basecall_Alignment_template
2017-06-29 11:17:40,443 update_ll    INFO     processing read 16600 0cffe132-6094-4b65-b1d6-bb7634d446d4_Basecall_Alignment_template
2017-06-29 11:17:40,532 update_ll    INFO     processing read 16700 2e2b6822-7c02-4aa3-889f-bac3543e4f11_Basecall_Alignment_template
2017-06-29 11:17:40,718 update_ll    INFO     processing read 16800 a10305c4-27a5-467d-81ad-f8b2872aa6df_Basecall_Alignment_template
2017-06-29 11:17:40,851 update_ll    INFO     processing read 16900 b7515ab9-218e-4a0d-a855-c082b98f3e2c_Basecall_Alignment_template
2017-06-29 11:17:40,993 update_ll    INFO     processing read 17000 e67837a9-aea9-4be8-96ea-66124e98e82c_Basecall_Alignment_template
2017-06-29 11:17:41,161 update_ll    INFO     processing read 17100 006f38cb-2559-4658-a92a-ad4665691525_Basecall_Alignment_template
2017-06-29 11:17:41,360 update_ll    INFO     processing read 17200 484fb151-506c-4f20-a898-ea17cf85a34a_Basecall_Alignment_template
2017-06-29 11:17:41,533 update_ll    INFO     processing read 17300 c210d4db-20ec-415b-99df-b9dd28a88e3c_Basecall_Alignment_template
2017-06-29 11:17:41,641 update_ll    INFO     processing read 17400 fc3844a8-4a54-45e9-bcf3-4e9a66c692b4_Basecall_Alignment_template
2017-06-29 11:17:41,737 update_ll    INFO     processing read 17500 847d2430-e650-4a27-b02a-4b6e60a36f92_Basecall_Alignment_template
2017-06-29 11:17:41,816 update_ll    INFO     processing read 17600 8982b933-c340-4186-826a-ddbca8cf5a07_Basecall_Alignment_template
2017-06-29 11:17:41,956 update_ll    INFO     processing read 17700 804450ca-673f-46b7-a9f0-94dbc56a554f_Basecall_Alignment_template
2017-06-29 11:17:42,208 update_ll    INFO     processing read 17800 85e2e3a5-c347-4ce6-866b-ebfae00a6657_Basecall_Alignment_template
2017-06-29 11:17:42,328 update_ll    INFO     processing read 17900 5cdb5f02-2555-4698-ae99-e79595e014aa_Basecall_Alignment_template
2017-06-29 11:17:42,451 update_ll    INFO     processing read 18000 fefad459-283d-4052-9738-bbd69d4705e9_Basecall_Alignment_template
2017-06-29 11:17:42,581 update_ll    INFO     processing read 18100 aa092e0b-631d-4d5c-9abb-98a1a8c2312d_Basecall_Alignment_template
2017-06-29 11:17:42,710 update_ll    INFO     processing read 18200 8810ecd9-d6e7-45fc-bc8c-72e5b72bb9e6_Basecall_Alignment_template
2017-06-29 11:17:42,840 update_ll    INFO     processing read 18300 235625e7-040a-48cf-8293-fcbfaf846a1f_Basecall_Alignment_template
2017-06-29 11:17:42,941 update_ll    INFO     processing read 18400 3d07a648-3472-4ac6-932e-b2e3bec207af_Basecall_Alignment_template
2017-06-29 11:17:43,029 update_ll    INFO     processing read 18500 43be2e02-264c-4f4a-82d3-ed5ba42fc33d_Basecall_Alignment_template
2017-06-29 11:17:43,112 update_ll    INFO     processing read 18600 57eb0597-4629-44d0-a0a0-d01333566677_Basecall_Alignment_template
2017-06-29 11:17:43,199 update_ll    INFO     processing read 18700 f1f7cc8b-d0c8-4055-8fd5-c624c1043aff_Basecall_Alignment_template
2017-06-29 11:17:43,287 update_ll    INFO     processing read 18800 19a83633-e41f-4636-bc39-9d35036c75ed_Basecall_Alignment_template
2017-06-29 11:17:43,434 update_ll    INFO     processing read 18900 fe59f126-00ab-4b87-85ee-683acd552330_Basecall_Alignment_template
2017-06-29 11:17:43,611 update_ll    INFO     processing read 19000 cecf1b42-f382-4626-8535-fe4b09d10036_Basecall_Alignment_template
2017-06-29 11:17:43,737 update_ll    INFO     processing read 19100 83e01f46-3eb3-4ec2-aabd-c92db736777d_Basecall_Alignment_template
2017-06-29 11:17:43,888 update_ll    INFO     processing read 19200 d13894d7-db26-4bdb-a34a-e656887720eb_Basecall_Alignment_template
2017-06-29 11:17:44,015 update_ll    INFO     processing read 19300 0aaad42d-ddb7-4cd2-aee7-4c458b0dd85d_Basecall_Alignment_template
2017-06-29 11:17:44,150 update_ll    INFO     processing read 19400 fdfd396f-f23e-4397-b421-c84de82f5d9d_Basecall_Alignment_template
2017-06-29 11:17:44,303 update_ll    INFO     processing read 19500 9ce6ccba-2385-467f-a4be-382b3c1ad7a1_Basecall_Alignment_template
2017-06-29 11:17:44,433 update_ll    INFO     processing read 19600 ce9ef9d2-8684-4689-b9b6-8db95c3a3b7b_Basecall_Alignment_template
2017-06-29 11:17:44,589 update_ll    INFO     processing read 19700 f4272d34-55fa-4bb3-b0c5-214d0cb69d6c_Basecall_Alignment_template
2017-06-29 11:17:44,783 update_ll    INFO     processing read 19800 58099a71-5c6b-4a5f-99e7-6be8fe71024a_Basecall_Alignment_template
2017-06-29 11:17:45,231 update_ll    INFO     processing read 19900 762c2efe-8cb7-444f-8438-1ec4b4f17dbe_Basecall_Alignment_template
2017-06-29 11:17:45,485 update_ll    INFO     processing read 20000 616cbb6b-0152-4b7e-9fe6-4e36340c7d34_Basecall_Alignment_template
2017-06-29 11:17:45,759 update_ll    INFO     processing read 20100 c75036e1-d9aa-4052-aadd-6bc2d582687b_Basecall_Alignment_template
2017-06-29 11:17:46,018 update_ll    INFO     processing read 20200 12e33dab-f6dd-4a79-a747-2380784a824a_Basecall_Alignment_template
2017-06-29 11:17:46,310 update_ll    INFO     processing read 20300 bc0fe59d-5646-4ff6-8555-8e24f87714a5_Basecall_Alignment_template
2017-06-29 11:17:46,547 update_ll    INFO     processing read 20400 5f566a93-e035-4820-a0a8-e33e0f923e6f_Basecall_Alignment_template
2017-06-29 11:17:46,786 update_ll    INFO     processing read 20500 24b42323-4dd5-4088-9a82-1a2dbc627c2f_Basecall_Alignment_template
2017-06-29 11:17:47,031 update_ll    INFO     processing read 20600 ec77bbf5-81cd-4cf7-9782-a6fe1d1f1a10_Basecall_Alignment_template
2017-06-29 11:17:47,218 update_ll    INFO     processing read 20700 0fadef50-13e0-4063-8757-f5ebbb1338b6_Basecall_Alignment_template
2017-06-29 11:17:47,340 update_ll    INFO     processing read 20800 f5c6ddd7-befc-425d-b574-8a43770ec0c0_Basecall_Alignment_template
2017-06-29 11:17:47,483 update_ll    INFO     processing read 20900 c43b4067-9d63-4d86-8a06-d485701a8066_Basecall_Alignment_template
2017-06-29 11:17:47,621 update_ll    INFO     processing read 21000 f374b16f-93e0-4396-a9ed-9710c97528dc_Basecall_Alignment_template
2017-06-29 11:17:47,744 update_ll    INFO     processing read 21100 e1e6ad66-57f0-4924-84cc-e3b781ed837b_Basecall_Alignment_template
2017-06-29 11:17:47,865 update_ll    INFO     processing read 21200 bb017da7-31bf-4e1b-8e95-584e3ac24b74_Basecall_Alignment_template
2017-06-29 11:17:48,056 update_ll    INFO     processing read 21300 549c8bfe-6ac7-49f6-9b4a-0ede9cf8df0c_Basecall_Alignment_template
2017-06-29 11:17:48,338 update_ll    INFO     processing read 21400 bc9564da-2b25-4765-8493-3725405d4ddc_Basecall_Alignment_template
2017-06-29 11:17:48,707 update_ll    INFO     processing read 21500 1a9480f5-7322-491d-885c-489e990a00ca_Basecall_Alignment_template
2017-06-29 11:17:48,958 update_ll    INFO     processing read 21600 40b02aca-8888-48d3-a20c-101ec3784275_Basecall_Alignment_template
2017-06-29 11:17:49,308 update_ll    INFO     processing read 21700 ad2e79db-dba6-4a0c-a2db-90344e03cde7_Basecall_Alignment_template
2017-06-29 11:17:49,629 update_ll    INFO     processing read 21800 5d845ce8-0552-43a3-bef1-14788b42eb5f_Basecall_Alignment_template
2017-06-29 11:17:49,771 update_ll    INFO     processing read 21900 cca13767-bfd2-40df-bcdc-8246638de658_Basecall_Alignment_template
2017-06-29 11:17:49,868 update_ll    INFO     processing read 22000 fee4217f-cd11-426e-9c3a-62aa4da7b5a6_Basecall_Alignment_template
2017-06-29 11:17:49,981 update_ll    INFO     processing read 22100 c94c46f0-e2e9-4912-9240-dffa098e7b5b_Basecall_Alignment_template
2017-06-29 11:17:50,092 update_ll    INFO     processing read 22200 9c8e3b7b-73dd-4195-bc6e-b927f296726c_Basecall_Alignment_template
2017-06-29 11:17:50,215 update_ll    INFO     processing read 22300 846d0bf7-89ed-4054-a20d-2ee73014ca36_Basecall_Alignment_template
2017-06-29 11:17:50,337 update_ll    INFO     processing read 22400 e63f8031-721b-4db3-ae45-399ce2103b18_Basecall_Alignment_template
2017-06-29 11:17:50,748 update_ll    INFO     processing read 22500 d9f08e36-218a-42c5-be0c-01cc9279a45a_Basecall_Alignment_template
2017-06-29 11:17:51,223 update_ll    INFO     processing read 22600 c2bc8c3c-c005-4c39-8640-94cc671fe390_Basecall_Alignment_template
2017-06-29 11:17:51,563 update_ll    INFO     processing read 22700 f7f03af7-14eb-400d-b285-6cf890743886_Basecall_Alignment_template
2017-06-29 11:17:52,061 update_ll    INFO     processing read 22800 eed2cf4c-e9f5-49fb-bb22-3229c872ba7b_Basecall_Alignment_template
2017-06-29 11:17:52,504 update_ll    INFO     processing read 22900 6dcadbfb-8ee4-4e8d-900a-170db92ad0fa_Basecall_Alignment_template
2017-06-29 11:17:52,875 update_ll    INFO     processing read 23000 e2795d02-e37f-40ea-9bda-efeb36088f5d_Basecall_Alignment_template
2017-06-29 11:17:53,028 update_ll    INFO     processing read 23100 e65b1aa4-6b9b-40f6-ab5f-ce38c96ae7c0_Basecall_Alignment_template
2017-06-29 11:17:53,406 update_ll    INFO     processing read 23200 44f9e02e-5e69-49a0-b08d-e942164fe935_Basecall_Alignment_template
2017-06-29 11:17:53,671 update_ll    INFO     processing read 23300 0dad740a-522a-4be4-9096-d0f05812e9f0_Basecall_Alignment_template
2017-06-29 11:17:53,914 update_ll    INFO     processing read 23400 484d35d2-facf-4019-a1c5-eadea543acc9_Basecall_Alignment_template
2017-06-29 11:17:54,192 update_ll    INFO     processing read 23500 9e1c8120-02e0-49b2-8908-b9e2f5663182_Basecall_Alignment_template
2017-06-29 11:17:54,420 update_ll    INFO     processing read 23600 c10cd791-55f1-473c-89a9-8260fe70c5a3_Basecall_Alignment_template
2017-06-29 11:17:54,734 update_ll    INFO     processing read 23700 3fdb3fb7-1845-46cb-86c1-26b8b7412ac7_Basecall_Alignment_template
2017-06-29 11:17:55,049 update_ll    INFO     processing read 23800 3ae26f79-4fc1-43bd-a40a-82e701013853_Basecall_Alignment_template
2017-06-29 11:17:55,331 update_ll    INFO     processing read 23900 3234db9f-f490-4b2f-bc65-7718a12e8f36_Basecall_Alignment_template
2017-06-29 11:17:55,614 update_ll    INFO     processing read 24000 9b0114ae-dbf5-400a-aad6-d8832519b029_Basecall_Alignment_template
2017-06-29 11:17:55,890 update_ll    INFO     processing read 24100 77c2be60-b0ef-44ec-b7ed-c2bfa338d1b5_Basecall_Alignment_template
2017-06-29 11:17:56,195 update_ll    INFO     processing read 24200 db5f93b6-887c-4095-8ee8-7697384372bf_Basecall_Alignment_template
2017-06-29 11:17:56,509 update_ll    INFO     processing read 24300 eeb0bbff-47f5-4f00-8d83-34bcc24093b9_Basecall_Alignment_template
2017-06-29 11:17:56,897 update_ll    INFO     processing read 24400 1b346dee-7ea7-46da-9917-cfbb59d3a300_Basecall_Alignment_template
2017-06-29 11:17:57,153 update_ll    INFO     processing read 24500 c91abd85-3bfa-4c19-b5cb-33eaa7719c67_Basecall_Alignment_template
2017-06-29 11:17:57,442 update_ll    INFO     processing read 24600 fa031ab7-bc9a-4f18-a4f8-dd92ebfc72b5_Basecall_Alignment_template
2017-06-29 11:17:57,690 update_ll    INFO     processing read 24700 837ee5c5-7c7c-43ee-ab14-51a94df909af_Basecall_Alignment_template
2017-06-29 11:17:57,879 update_ll    INFO     processing read 24800 4c997a50-96fd-41af-9e03-98bd3f9a976d_Basecall_Alignment_template
2017-06-29 11:17:58,104 update_ll    INFO     processing read 24900 b02aac05-df7a-432c-a389-d10ee2eccc1b_Basecall_Alignment_template
2017-06-29 11:17:58,315 update_ll    INFO     processing read 25000 d15ea518-e9d7-472b-8946-26c8c4bf6bd2_Basecall_Alignment_template
2017-06-29 11:17:58,496 update_ll    INFO     processing read 25100 dc3be66f-4657-4870-a6e8-d337668405b0_Basecall_Alignment_template
2017-06-29 11:17:58,740 update_ll    INFO     processing read 25200 cbe0b5e5-e35d-49f5-a850-082b40badf2e_Basecall_Alignment_template
2017-06-29 11:17:59,152 update_ll    INFO     processing read 25300 0dd4c10c-0b19-44ec-9be0-de822b8e18a1_Basecall_Alignment_template
2017-06-29 11:17:59,494 update_ll    INFO     processing read 25400 d697c1ab-4e3d-4ca0-a5b1-83341d74154b_Basecall_Alignment_template
2017-06-29 11:17:59,838 update_ll    INFO     processing read 25500 0cb4468a-22ff-4292-b5c6-f3cd1bc5eb22_Basecall_Alignment_template
2017-06-29 11:17:59,975 update_ll    INFO     processing read 25600 cdec877c-1854-4b7f-910e-680d62e192af_Basecall_Alignment_template
2017-06-29 11:18:00,191 update_ll    INFO     processing read 25700 4f11f586-5562-4b1f-9c4d-96cf2ddaa0e6_Basecall_Alignment_template
2017-06-29 11:18:00,434 update_ll    INFO     processing read 25800 35b6d6ff-efaa-4de0-9052-58006c072742_Basecall_Alignment_template
2017-06-29 11:18:01,006 update_ll    INFO     processing read 25900 834abf04-b47c-4405-b207-854eab3472e3_Basecall_Alignment_template
2017-06-29 11:18:01,364 update_ll    INFO     processing read 26000 3d933e6e-f490-4fc7-88bc-585046b4f3a3_Basecall_Alignment_template
2017-06-29 11:18:01,767 update_ll    INFO     processing read 26100 57b45584-6909-4c10-8c84-4bd41736646e_Basecall_Alignment_template
2017-06-29 11:18:02,244 update_ll    INFO     processing read 26200 937c9449-dc9c-44e4-9fcb-82a414e0d229_Basecall_Alignment_template
2017-06-29 11:18:02,534 update_ll    INFO     processing read 26300 f2ba8f69-6b46-4c70-ba79-71ebcc2d8c71_Basecall_Alignment_template
2017-06-29 11:18:02,744 update_ll    INFO     processing read 26400 a8b712fe-3e3b-44f5-88cc-d9e2d50b237f_Basecall_Alignment_template
2017-06-29 11:18:02,885 update_ll    INFO     processing read 26500 2181d786-eecd-49d1-ba4e-abd1dd19dbef_Basecall_Alignment_template
2017-06-29 11:18:03,015 update_ll    INFO     processing read 26600 ecf95391-a9d9-4317-82e0-40b061252333_Basecall_Alignment_template
2017-06-29 11:18:03,136 update_ll    INFO     processing read 26700 72806706-d0ae-4352-a826-8f4838368b36_Basecall_Alignment_template
2017-06-29 11:18:03,284 update_ll    INFO     processing read 26800 d2a26809-0c1e-494b-b346-6fa0043d7991_Basecall_Alignment_template
2017-06-29 11:18:03,536 update_ll    INFO     processing read 26900 3dd70bc0-8f64-4cf1-9ab0-69fa6382863d_Basecall_Alignment_template
2017-06-29 11:18:03,863 update_ll    INFO     processing read 27000 0444bfb2-c491-420b-9922-a9923d273c5c_Basecall_Alignment_template
2017-06-29 11:18:04,172 update_ll    INFO     processing read 27100 d9a6681a-1b64-4360-ae24-3885618a8e7e_Basecall_Alignment_template
2017-06-29 11:18:04,489 update_ll    INFO     processing read 27200 f39464f2-075a-4259-9b49-cd37274888a3_Basecall_Alignment_template
2017-06-29 11:18:04,875 update_ll    INFO     processing read 27300 0852e470-3022-4739-bf5c-2cf656584283_Basecall_Alignment_template
2017-06-29 11:18:05,251 update_ll    INFO     processing read 27400 d948d565-84a9-412f-885d-f2adfd523343_Basecall_Alignment_template
2017-06-29 11:18:05,563 update_ll    INFO     processing read 27500 58a212fe-0b33-401d-b9a7-cf2cf1619d13_Basecall_Alignment_template
2017-06-29 11:18:05,786 update_ll    INFO     processing read 27600 e65782aa-10e6-4674-b192-c23a0f7b6234_Basecall_Alignment_template
2017-06-29 11:18:05,929 update_ll    INFO     processing read 27700 1f31d511-f479-4eff-b448-cfaf3f58f8d9_Basecall_Alignment_template
2017-06-29 11:18:06,265 update_ll    INFO     processing read 27800 0f7c48d7-e2d2-4e73-b369-e5a63b68496f_Basecall_Alignment_template
2017-06-29 11:18:06,503 update_ll    INFO     processing read 27900 a0cbcdd0-af38-45bc-952f-690116a89ac4_Basecall_Alignment_template
2017-06-29 11:18:06,801 update_ll    INFO     processing read 28000 9fa99106-f778-4323-8a22-25ae506ca291_Basecall_Alignment_template
2017-06-29 11:18:07,308 update_ll    INFO     processing read 28100 13ae0691-6e36-49e6-9cae-96edacc7db7d_Basecall_Alignment_template
2017-06-29 11:18:07,699 update_ll    INFO     processing read 28200 c731986f-8871-4a90-9123-0b6e605d96e0_Basecall_Alignment_template
2017-06-29 11:18:07,916 update_ll    INFO     processing read 28300 e0039e7e-edbc-4c61-9a33-e3894cb0d8b7_Basecall_Alignment_template
2017-06-29 11:18:08,089 update_ll    INFO     processing read 28400 b6129006-2f10-4623-99c5-32c91418750e_Basecall_Alignment_template
2017-06-29 11:18:08,294 update_ll    INFO     processing read 28500 d651e717-75ff-4bb9-8faa-8ecd02f0586d_Basecall_Alignment_template
2017-06-29 11:18:08,532 update_ll    INFO     processing read 28600 5671cdaf-5629-4c60-a884-f186a237253b_Basecall_Alignment_template
2017-06-29 11:18:08,708 update_ll    INFO     processing read 28700 5a3b93c3-4243-41fe-bb76-8f546903eb1f_Basecall_Alignment_template
2017-06-29 11:18:09,042 update_ll    INFO     processing read 28800 e14ad232-97aa-49ae-8d5c-e94f84b9c52c_Basecall_Alignment_template
2017-06-29 11:18:09,436 update_ll    INFO     processing read 28900 ae07ece5-3f76-4604-9104-332c8382f6b3_Basecall_Alignment_template
2017-06-29 11:18:09,690 update_ll    INFO     processing read 29000 2b6076f7-6a6f-48b4-8772-e1f00f8007e1_Basecall_Alignment_template
2017-06-29 11:18:09,965 update_ll    INFO     processing read 29100 12d15dc2-410a-4635-b191-4b63baac6b91_Basecall_Alignment_template
2017-06-29 11:18:10,251 update_ll    INFO     processing read 29200 1c6780e5-776e-474a-a872-564e8b75efa5_Basecall_Alignment_template
2017-06-29 11:18:10,629 update_ll    INFO     processing read 29300 377b836f-c1e2-45b3-91a1-7f335a4eb505_Basecall_Alignment_template
2017-06-29 11:18:11,164 update_ll    INFO     processing read 29400 229e57f0-9d4c-495c-8fa1-39cb88bae39f_Basecall_Alignment_template
2017-06-29 11:18:11,658 update_ll    INFO     processing read 29500 b3174e19-9dcd-4394-83ab-4cbbfde7e5cc_Basecall_Alignment_template
2017-06-29 11:18:11,921 update_ll    INFO     processing read 29600 00c61ee1-de30-4e9b-992e-f6e2e064cab3_Basecall_Alignment_template
2017-06-29 11:18:12,167 update_ll    INFO     processing read 29700 982d8656-0ba4-4bd8-b997-cfebe9108d18_Basecall_Alignment_template
2017-06-29 11:18:12,457 update_ll    INFO     processing read 29800 227915ba-96fc-4d6b-8161-14bd94127034_Basecall_Alignment_template
2017-06-29 11:18:12,718 update_ll    INFO     processing read 29900 613ff1b4-59ef-4f5a-b06e-cf8883e2eefb_Basecall_Alignment_template
2017-06-29 11:18:13,051 update_ll    INFO     processing read 30000 f80ebaa8-ff43-4c07-bb3e-a8b930824ad8_Basecall_Alignment_template
2017-06-29 11:18:13,241 update_ll    INFO     processing read 30100 eac510b3-1844-44b1-aaa8-5ad696e7b44f_Basecall_Alignment_template
2017-06-29 11:18:13,393 update_ll    INFO     processing read 30200 026e4867-d3ad-42ea-bf23-a9cdc1428093_Basecall_Alignment_template
2017-06-29 11:18:13,694 update_ll    INFO     processing read 30300 145d21ba-60e8-48a1-8af4-074282c17778_Basecall_Alignment_template
2017-06-29 11:18:14,038 update_ll    INFO     processing read 30400 6d24ada0-211f-4122-8200-3dafc078a5a3_Basecall_Alignment_template
2017-06-29 11:18:14,526 update_ll    INFO     processing read 30500 9650b899-a950-46f5-bcb5-375e1ade9e65_Basecall_Alignment_template
2017-06-29 11:18:14,773 update_ll    INFO     processing read 30600 5f19fd48-7e2c-45d3-91a7-510ad027c926_Basecall_Alignment_template
2017-06-29 11:18:15,116 update_ll    INFO     processing read 30700 595893c3-b134-4782-99dd-1eb97758f852_Basecall_Alignment_template
2017-06-29 11:18:15,393 update_ll    INFO     processing read 30800 ac374cd7-b093-45fd-b767-037ecd57dd91_Basecall_Alignment_template
2017-06-29 11:18:15,661 update_ll    INFO     processing read 30900 c633bb36-b150-448a-8899-e7569a10130d_Basecall_Alignment_template
2017-06-29 11:18:16,108 update_ll    INFO     processing read 31000 062d7f3a-5711-46f4-99fa-c0b26e5329a0_Basecall_Alignment_template
2017-06-29 11:18:16,654 update_ll    INFO     processing read 31100 5a22cca1-5795-4b44-8c36-d5b46f192f6f_Basecall_Alignment_template
2017-06-29 11:18:17,075 update_ll    INFO     processing read 31200 057e2554-3cfc-4ed5-8e88-b6af3f2b7110_Basecall_Alignment_template
2017-06-29 11:18:17,403 update_ll    INFO     processing read 31300 6a2388ef-57b9-4cb0-be42-5bf3cd757a64_Basecall_Alignment_template
2017-06-29 11:18:17,839 update_ll    INFO     processing read 31400 22f48afd-f5ba-429e-b1db-05b303e9cc86_Basecall_Alignment_template
2017-06-29 11:18:18,246 update_ll    INFO     processing read 31500 9ff0bba8-3c4c-4307-8fe4-9900afe64414_Basecall_Alignment_template
2017-06-29 11:18:19,073 update_ll    INFO     processing read 31600 bdb9b023-644b-4866-b7f2-0e28da0439bb_Basecall_Alignment_template
2017-06-29 11:18:19,527 update_ll    INFO     processing read 31700 2f9a945b-5bd8-4f5f-8c19-a9739d4aaffb_Basecall_Alignment_template
2017-06-29 11:18:20,025 update_ll    INFO     processing read 31800 ec570d82-9943-4c42-9324-6b92121db214_Basecall_Alignment_template
2017-06-29 11:18:20,338 update_ll    INFO     processing read 31900 f1fe4246-0535-4434-8444-86afc3e0ac3b_Basecall_Alignment_template
2017-06-29 11:18:20,556 update_ll    INFO     processing read 32000 dcb70a88-ea51-4b3f-b449-9c1187ef93c3_Basecall_Alignment_template
2017-06-29 11:18:21,003 update_ll    INFO     processing read 32100 d4e9ab41-43ac-4c52-8b6b-64fdbfdbf7d9_Basecall_Alignment_template
2017-06-29 11:18:21,377 update_ll    INFO     processing read 32200 3d6c02be-9576-4fb1-a3c0-0c02cdc51a73_Basecall_Alignment_template
2017-06-29 11:18:21,741 update_ll    INFO     processing read 32300 d8e22aff-c88d-45f6-bb4e-85cd08fc22fc_Basecall_Alignment_template
2017-06-29 11:18:22,007 update_ll    INFO     processing read 32400 cb9cc15d-f2ca-48d5-9790-bd35a66f76bf_Basecall_Alignment_template
2017-06-29 11:18:22,393 update_ll    INFO     processing read 32500 ee50a049-df69-42da-aa90-9a72fe4fbc77_Basecall_Alignment_template
2017-06-29 11:18:22,692 update_ll    INFO     processing read 32600 377b7328-c7b9-4cb0-af80-22f9c7579709_Basecall_Alignment_template
2017-06-29 11:18:22,886 update_ll    INFO     processing read 32700 e8175647-eaf9-4b91-9f7d-bc7c9b62d780_Basecall_Alignment_template
2017-06-29 11:18:23,177 update_ll    INFO     processing read 32800 5a0e63b0-89be-496a-9308-1dca004a53e9_Basecall_Alignment_template
2017-06-29 11:18:23,493 update_ll    INFO     processing read 32900 b849a252-2952-4d20-bb93-416f616efa62_Basecall_Alignment_template
2017-06-29 11:18:23,798 update_ll    INFO     processing read 33000 c805bb22-c05f-455b-a2c6-68620218c1d8_Basecall_Alignment_template
2017-06-29 11:18:24,169 update_ll    INFO     processing read 33100 e79f1b03-94d9-422e-942e-9716e324becb_Basecall_Alignment_template
2017-06-29 11:18:24,637 update_ll    INFO     processing read 33200 5181d39d-d247-4c2c-a62d-29d2b529b0ec_Basecall_Alignment_template
2017-06-29 11:18:25,081 update_ll    INFO     processing read 33300 21c47618-d1bd-4c7c-9918-c33f26c05fbf_Basecall_Alignment_template
2017-06-29 11:18:25,457 update_ll    INFO     processing read 33400 bfc9b54c-db3a-4ecd-92cc-eb14788276d6_Basecall_Alignment_template
2017-06-29 11:18:25,827 update_ll    INFO     processing read 33500 5ff39c11-ae6e-4121-957c-8fc8de865139_Basecall_Alignment_template
2017-06-29 11:18:26,059 update_ll    INFO     processing read 33600 c087dd38-3a09-4635-8676-fca1bd528dc0_Basecall_Alignment_template
2017-06-29 11:18:26,511 update_ll    INFO     processing read 33700 5b5a7a79-4185-4d25-ae8d-b544d022a227_Basecall_Alignment_template
2017-06-29 11:18:26,817 update_ll    INFO     processing read 33800 0568ea0e-6848-48fd-b362-2191096bc235_Basecall_Alignment_template
2017-06-29 11:18:27,120 update_ll    INFO     processing read 33900 92093f47-8bc6-4593-a077-cc7ebcd8518c_Basecall_Alignment_template
2017-06-29 11:18:27,479 update_ll    INFO     processing read 34000 75616ed9-1948-416b-b179-646d3e9f2a8b_Basecall_Alignment_template
2017-06-29 11:18:27,826 update_ll    INFO     processing read 34100 34041d4b-f38c-454b-b271-ec97296fcfe4_Basecall_Alignment_template
2017-06-29 11:18:28,259 update_ll    INFO     processing read 34200 ac770a3a-cc61-489c-afe1-07c1d21134a9_Basecall_Alignment_template
2017-06-29 11:18:28,618 update_ll    INFO     processing read 34300 45e7dd37-6bc2-4c6f-91fc-a1e3497ebb2c_Basecall_Alignment_template
2017-06-29 11:18:28,915 update_ll    INFO     processing read 34400 c707a16d-4a86-42a3-9bdd-bc27a43b7554_Basecall_Alignment_template
2017-06-29 11:18:29,201 update_ll    INFO     processing read 34500 dda2c136-ac33-4342-99b5-e7bd9eab43ca_Basecall_Alignment_template
2017-06-29 11:18:29,492 update_ll    INFO     processing read 34600 5e2f5afa-309d-425e-8e14-9a0f1f40b1a2_Basecall_Alignment_template
2017-06-29 11:18:29,742 update_ll    INFO     processing read 34700 cd142dec-9647-4482-9a07-9b4dbfaef7cf_Basecall_Alignment_template
2017-06-29 11:18:29,923 update_ll    INFO     processing read 34800 277f0c10-0b1f-4fe5-a67b-4c4c1b5772a5_Basecall_Alignment_template
